2025-09-05 15:23:28,077 - INFO - === TWFE分析開始 ===
2025-09-05 15:23:28,077 - INFO - データ読み込み開始
2025-09-05 15:23:28,077 - INFO - features_panel.csv を読み込み中: /Users/ujihara/インターンシップ本課題_地域科学研究所/subject3/data/processed/features_panel.csv
2025-09-05 15:23:28,196 - INFO - events_matrix_signed.csv を読み込み中: /Users/ujihara/インターンシップ本課題_地域科学研究所/subject3/data/processed/events_matrix_signed.csv
2025-09-05 15:23:28,199 - INFO - events_labeled.csv を読み込み中: /Users/ujihara/インターンシップ本課題_地域科学研究所/subject3/data/processed/events_labeled.csv
2025-09-05 15:23:28,215 - INFO - データマージ中
2025-09-05 15:23:28,221 - INFO - 有向イベントを作成中
2025-09-05 15:23:28,292 - INFO - 欠損値処理中
2025-09-05 15:23:28,293 - INFO - 欠損値処理: 177 -> 177 行
2025-09-05 15:23:28,293 - INFO - 人口変化率ターゲット変数を作成中
2025-09-05 15:23:28,294 - INFO - 率ターゲット作成完了: 177 -> 53 行
2025-09-05 15:23:28,294 - INFO - POP_FLOOR: 50
2025-09-05 15:23:28,294 - INFO - マージ完了: 53 行
2025-09-05 15:23:28,294 - INFO - コントロール変数を追加中
2025-09-05 15:23:28,296 - INFO - 事前トレンド制御変数を追加中
2025-09-05 15:23:28,297 - INFO - 事前トレンド制御変数追加完了: d1, d2 (K=2)
2025-09-05 15:23:28,297 - INFO - TWFE推定開始
2025-09-05 15:23:28,297 - INFO - 符号ありイベント変数を使用: 22 個
2025-09-05 15:23:28,297 - INFO - 選択された変数: ['event_commercial_inc_t', 'event_disaster_dec_t', 'event_disaster_inc_t', 'event_employment_inc_t', 'event_housing_dec_t']...
2025-09-05 15:23:28,298 - INFO - フィルタ後: 22 個のイベント変数
2025-09-05 15:23:28,298 - INFO - 事前トレンド制御変数を追加: d1
2025-09-05 15:23:28,298 - INFO - 事前トレンド制御変数を追加: d2
2025-09-05 15:23:28,298 - INFO - 回帰式: y_rate ~ 0 + C(town) + C(year) + event_commercial_inc_t + event_disaster_dec_t + event_disaster_inc_t + event_employment_inc_t + event_housing_dec_t + event_housing_inc_t + event_policy_boundary_dec_t + event_public_edu_medical_inc_t + event_transit_dec_t + event_transit_inc_t + event_commercial_inc_t1 + event_disaster_dec_t1 + event_disaster_inc_t1 + event_employment_inc_t1 + event_housing_dec_t1 + event_housing_inc_t1 + event_policy_boundary_dec_t1 + event_public_edu_medical_inc_t1 + event_transit_dec_t1 + event_transit_inc_t1 + event_public_edu_medical_dec_t + event_public_edu_medical_dec_t1 + growth_adj_log + policy_boundary_dummy + disaster_2016_dummy + d1 + d2
2025-09-05 15:23:28,298 - INFO - Ridge正則化を有効化 (alpha=1.0)
2025-09-05 15:23:28,298 - INFO - Ridge正則化付き推定を実行 (alpha=1.0)
2025-09-05 15:23:28,591 - INFO - 推定完了: R² = 0.9998
2025-09-05 15:23:28,591 - INFO - 推定結果を抽出中
2025-09-05 15:23:28,592 - INFO - present_bases: {'employment_inc', 'disaster_dec', 'commercial_inc', 'public_edu_medical_inc', 'transit_dec', 'public_edu_medical_dec', 'transit_inc', 'housing_inc', 'policy_boundary', 'housing_dec', 'disaster_inc'}
2025-09-05 15:23:28,592 - INFO - found_params: {'housing_inc': {'t': True, 't1': True}, 'housing_dec': {'t': True, 't1': True}, 'commercial_inc': {'t': True, 't1': True}, 'commercial_dec': {'t': False, 't1': False}, 'transit_inc': {'t': True, 't1': True}, 'transit_dec': {'t': True, 't1': True}, 'public_edu_medical_inc': {'t': True, 't1': True}, 'public_edu_medical_dec': {'t': True, 't1': True}, 'employment_inc': {'t': True, 't1': True}, 'employment_dec': {'t': False, 't1': False}, 'disaster_inc': {'t': True, 't1': True}, 'disaster_dec': {'t': True, 't1': True}}
2025-09-05 15:23:28,592 - INFO - nonzero_counts: {'housing_inc_t': 35, 'housing_inc_t1': 35, 'housing_dec_t': 1, 'housing_dec_t1': 1, 'commercial_inc_t': 5, 'commercial_inc_t1': 5, 'transit_inc_t': 0, 'transit_inc_t1': 11, 'transit_dec_t': 4, 'transit_dec_t1': 3, 'public_edu_medical_inc_t': 0, 'public_edu_medical_inc_t1': 0, 'public_edu_medical_dec_t': 0, 'public_edu_medical_dec_t1': 0, 'employment_inc_t': 0, 'employment_inc_t1': 1, 'disaster_inc_t': 1, 'disaster_inc_t1': 1, 'disaster_dec_t': 1, 'disaster_dec_t1': 0}
2025-09-05 15:23:28,592 - INFO - Processing housing_inc
2025-09-05 15:23:28,593 - INFO - Added result for housing_inc: beta=-0.051
2025-09-05 15:23:28,593 - INFO - Processing housing_dec
2025-09-05 15:23:28,593 - INFO - Added result for housing_dec: beta=-7.677
2025-09-05 15:23:28,593 - INFO - Processing commercial_inc
2025-09-05 15:23:28,593 - INFO - Added result for commercial_inc: beta=3.536
2025-09-05 15:23:28,593 - INFO - Skipping commercial_dec (not in present_bases)
2025-09-05 15:23:28,593 - INFO - Processing transit_inc
2025-09-05 15:23:28,593 - INFO - Added result for transit_inc: beta=-0.703
2025-09-05 15:23:28,593 - INFO - Processing transit_dec
2025-09-05 15:23:28,593 - INFO - Added result for transit_dec: beta=2.276
2025-09-05 15:23:28,593 - INFO - Processing public_edu_medical_inc
2025-09-05 15:23:28,594 - INFO - Added result for public_edu_medical_inc: beta=0.000
2025-09-05 15:23:28,594 - INFO - Processing public_edu_medical_dec
2025-09-05 15:23:28,594 - INFO - Added result for public_edu_medical_dec: beta=0.000
2025-09-05 15:23:28,594 - INFO - Processing employment_inc
2025-09-05 15:23:28,594 - INFO - Added result for employment_inc: beta=-3.838
2025-09-05 15:23:28,594 - INFO - Skipping employment_dec (not in present_bases)
2025-09-05 15:23:28,594 - INFO - Processing disaster_inc
2025-09-05 15:23:28,594 - INFO - Added result for disaster_inc: beta=-1.949
2025-09-05 15:23:28,594 - INFO - Processing disaster_dec
2025-09-05 15:23:28,594 - INFO - Added result for disaster_dec: beta=2.893
2025-09-05 15:23:28,594 - INFO - 結果を保存中
2025-09-05 15:23:28,598 - INFO - 係数結果を保存: /Users/ujihara/インターンシップ本課題_地域科学研究所/subject3/output/effects_coefficients_rate.csv
2025-09-05 15:23:28,598 - INFO - サマリを保存: /Users/ujihara/インターンシップ本課題_地域科学研究所/subject3/logs/20250905_152328_d09fd37f/twfe_summary.txt
2025-09-05 15:23:28,599 - INFO - === TWFE分析完了 ===
2025-09-05 15:23:28,602 - INFO - === プレースボ検査開始 (シフト: 2年) ===
2025-09-05 15:23:28,602 - INFO - 本番分析を実行中...
2025-09-05 15:23:28,602 - INFO - === TWFE分析開始 ===
2025-09-05 15:23:28,602 - INFO - データ読み込み開始
2025-09-05 15:23:28,603 - INFO - features_panel.csv を読み込み中: /Users/ujihara/インターンシップ本課題_地域科学研究所/subject3/data/processed/features_panel.csv
2025-09-05 15:23:28,769 - INFO - events_matrix_signed.csv を読み込み中: /Users/ujihara/インターンシップ本課題_地域科学研究所/subject3/data/processed/events_matrix_signed.csv
2025-09-05 15:23:28,778 - INFO - events_labeled.csv を読み込み中: /Users/ujihara/インターンシップ本課題_地域科学研究所/subject3/data/processed/events_labeled.csv
2025-09-05 15:23:28,787 - INFO - データマージ中
2025-09-05 15:23:28,790 - INFO - 有向イベントを作成中
2025-09-05 15:23:28,871 - INFO - 欠損値処理中
2025-09-05 15:23:28,872 - INFO - 欠損値処理: 177 -> 177 行
2025-09-05 15:23:28,872 - INFO - 人口変化率ターゲット変数を作成中
2025-09-05 15:23:28,873 - INFO - 率ターゲット作成完了: 177 -> 53 行
2025-09-05 15:23:28,873 - INFO - POP_FLOOR: 50
2025-09-05 15:23:28,873 - INFO - マージ完了: 53 行
2025-09-05 15:23:28,873 - INFO - コントロール変数を追加中
2025-09-05 15:23:28,873 - INFO - 事前トレンド制御変数を追加中
2025-09-05 15:23:28,874 - INFO - 事前トレンド制御変数追加完了: d1, d2 (K=2)
2025-09-05 15:23:28,874 - INFO - TWFE推定開始
2025-09-05 15:23:28,875 - INFO - 符号ありイベント変数を使用: 22 個
2025-09-05 15:23:28,875 - INFO - 選択された変数: ['event_commercial_inc_t', 'event_disaster_dec_t', 'event_disaster_inc_t', 'event_employment_inc_t', 'event_housing_dec_t']...
2025-09-05 15:23:28,875 - INFO - フィルタ後: 22 個のイベント変数
2025-09-05 15:23:28,875 - INFO - 事前トレンド制御変数を追加: d1
2025-09-05 15:23:28,875 - INFO - 事前トレンド制御変数を追加: d2
2025-09-05 15:23:28,875 - INFO - 回帰式: y_rate ~ 0 + C(town) + C(year) + event_commercial_inc_t + event_disaster_dec_t + event_disaster_inc_t + event_employment_inc_t + event_housing_dec_t + event_housing_inc_t + event_policy_boundary_dec_t + event_public_edu_medical_inc_t + event_transit_dec_t + event_transit_inc_t + event_commercial_inc_t1 + event_disaster_dec_t1 + event_disaster_inc_t1 + event_employment_inc_t1 + event_housing_dec_t1 + event_housing_inc_t1 + event_policy_boundary_dec_t1 + event_public_edu_medical_inc_t1 + event_transit_dec_t1 + event_transit_inc_t1 + event_public_edu_medical_dec_t + event_public_edu_medical_dec_t1 + growth_adj_log + policy_boundary_dummy + disaster_2016_dummy + d1 + d2
2025-09-05 15:23:28,876 - INFO - Ridge正則化を有効化 (alpha=1.0)
2025-09-05 15:23:28,876 - INFO - Ridge正則化付き推定を実行 (alpha=1.0)
2025-09-05 15:23:28,885 - INFO - 推定完了: R² = 0.9998
2025-09-05 15:23:28,885 - INFO - 推定結果を抽出中
2025-09-05 15:23:28,885 - INFO - present_bases: {'employment_inc', 'disaster_dec', 'commercial_inc', 'public_edu_medical_inc', 'transit_dec', 'public_edu_medical_dec', 'transit_inc', 'housing_inc', 'policy_boundary', 'housing_dec', 'disaster_inc'}
2025-09-05 15:23:28,885 - INFO - found_params: {'housing_inc': {'t': True, 't1': True}, 'housing_dec': {'t': True, 't1': True}, 'commercial_inc': {'t': True, 't1': True}, 'commercial_dec': {'t': False, 't1': False}, 'transit_inc': {'t': True, 't1': True}, 'transit_dec': {'t': True, 't1': True}, 'public_edu_medical_inc': {'t': True, 't1': True}, 'public_edu_medical_dec': {'t': True, 't1': True}, 'employment_inc': {'t': True, 't1': True}, 'employment_dec': {'t': False, 't1': False}, 'disaster_inc': {'t': True, 't1': True}, 'disaster_dec': {'t': True, 't1': True}}
2025-09-05 15:23:28,886 - INFO - nonzero_counts: {'housing_inc_t': 35, 'housing_inc_t1': 35, 'housing_dec_t': 1, 'housing_dec_t1': 1, 'commercial_inc_t': 5, 'commercial_inc_t1': 5, 'transit_inc_t': 0, 'transit_inc_t1': 11, 'transit_dec_t': 4, 'transit_dec_t1': 3, 'public_edu_medical_inc_t': 0, 'public_edu_medical_inc_t1': 0, 'public_edu_medical_dec_t': 0, 'public_edu_medical_dec_t1': 0, 'employment_inc_t': 0, 'employment_inc_t1': 1, 'disaster_inc_t': 1, 'disaster_inc_t1': 1, 'disaster_dec_t': 1, 'disaster_dec_t1': 0}
2025-09-05 15:23:28,886 - INFO - Processing housing_inc
2025-09-05 15:23:28,886 - INFO - Added result for housing_inc: beta=-0.051
2025-09-05 15:23:28,886 - INFO - Processing housing_dec
2025-09-05 15:23:28,886 - INFO - Added result for housing_dec: beta=-7.677
2025-09-05 15:23:28,886 - INFO - Processing commercial_inc
2025-09-05 15:23:28,886 - INFO - Added result for commercial_inc: beta=3.536
2025-09-05 15:23:28,886 - INFO - Skipping commercial_dec (not in present_bases)
2025-09-05 15:23:28,886 - INFO - Processing transit_inc
2025-09-05 15:23:28,886 - INFO - Added result for transit_inc: beta=-0.703
2025-09-05 15:23:28,886 - INFO - Processing transit_dec
2025-09-05 15:23:28,886 - INFO - Added result for transit_dec: beta=2.276
2025-09-05 15:23:28,886 - INFO - Processing public_edu_medical_inc
2025-09-05 15:23:28,886 - INFO - Added result for public_edu_medical_inc: beta=0.000
2025-09-05 15:23:28,887 - INFO - Processing public_edu_medical_dec
2025-09-05 15:23:28,887 - INFO - Added result for public_edu_medical_dec: beta=0.000
2025-09-05 15:23:28,887 - INFO - Processing employment_inc
2025-09-05 15:23:28,887 - INFO - Added result for employment_inc: beta=-3.838
2025-09-05 15:23:28,887 - INFO - Skipping employment_dec (not in present_bases)
2025-09-05 15:23:28,887 - INFO - Processing disaster_inc
2025-09-05 15:23:28,887 - INFO - Added result for disaster_inc: beta=-1.949
2025-09-05 15:23:28,887 - INFO - Processing disaster_dec
2025-09-05 15:23:28,887 - INFO - Added result for disaster_dec: beta=2.893
2025-09-05 15:23:28,887 - INFO - 結果を保存中
2025-09-05 15:23:28,891 - INFO - 係数結果を保存: /Users/ujihara/インターンシップ本課題_地域科学研究所/subject3/output/effects_coefficients_rate.csv
2025-09-05 15:23:28,893 - INFO - サマリを保存: /Users/ujihara/インターンシップ本課題_地域科学研究所/subject3/logs/20250905_152328_d09fd37f/twfe_summary.txt
2025-09-05 15:23:28,893 - INFO - === TWFE分析完了 ===
2025-09-05 15:23:28,893 - INFO - プレースボ分析を実行中...
2025-09-05 15:23:28,893 - INFO - === TWFE分析開始 ===
2025-09-05 15:23:28,893 - INFO - データ読み込み開始
2025-09-05 15:23:28,894 - INFO - features_panel.csv を読み込み中: /Users/ujihara/インターンシップ本課題_地域科学研究所/subject3/data/processed/features_panel.csv
2025-09-05 15:23:29,066 - INFO - events_matrix_signed.csv を読み込み中: /Users/ujihara/インターンシップ本課題_地域科学研究所/subject3/data/processed/events_matrix_signed.csv
2025-09-05 15:23:29,071 - INFO - プレースボ検査: イベントを2年未来にシフト
2025-09-05 15:23:29,076 - INFO - プレースボシフト完了: 22 個のイベント列を2年シフト
2025-09-05 15:23:29,076 - INFO - events_labeled.csv を読み込み中: /Users/ujihara/インターンシップ本課題_地域科学研究所/subject3/data/processed/events_labeled.csv
2025-09-05 15:23:29,079 - INFO - データマージ中
2025-09-05 15:23:29,083 - INFO - 有向イベントを作成中
2025-09-05 15:23:29,179 - INFO - 欠損値処理中
2025-09-05 15:23:29,179 - INFO - 欠損値処理: 177 -> 177 行
2025-09-05 15:23:29,179 - INFO - 人口変化率ターゲット変数を作成中
2025-09-05 15:23:29,181 - INFO - 率ターゲット作成完了: 177 -> 53 行
2025-09-05 15:23:29,181 - INFO - POP_FLOOR: 50
2025-09-05 15:23:29,181 - INFO - マージ完了: 53 行
2025-09-05 15:23:29,181 - INFO - コントロール変数を追加中
2025-09-05 15:23:29,181 - INFO - 事前トレンド制御変数を追加中
2025-09-05 15:23:29,182 - INFO - 事前トレンド制御変数追加完了: d1, d2 (K=2)
2025-09-05 15:23:29,182 - INFO - TWFE推定開始
2025-09-05 15:23:29,182 - INFO - 符号ありイベント変数を使用: 22 個
2025-09-05 15:23:29,182 - INFO - 選択された変数: ['event_commercial_inc_t', 'event_disaster_dec_t', 'event_disaster_inc_t', 'event_employment_inc_t', 'event_housing_dec_t']...
2025-09-05 15:23:29,183 - INFO - フィルタ後: 22 個のイベント変数
2025-09-05 15:23:29,183 - INFO - 事前トレンド制御変数を追加: d1
2025-09-05 15:23:29,183 - INFO - 事前トレンド制御変数を追加: d2
2025-09-05 15:23:29,183 - INFO - 回帰式: y_rate ~ 0 + C(town) + C(year) + event_commercial_inc_t + event_disaster_dec_t + event_disaster_inc_t + event_employment_inc_t + event_housing_dec_t + event_housing_inc_t + event_policy_boundary_dec_t + event_public_edu_medical_inc_t + event_transit_dec_t + event_transit_inc_t + event_commercial_inc_t1 + event_disaster_dec_t1 + event_disaster_inc_t1 + event_employment_inc_t1 + event_housing_dec_t1 + event_housing_inc_t1 + event_policy_boundary_dec_t1 + event_public_edu_medical_inc_t1 + event_transit_dec_t1 + event_transit_inc_t1 + event_public_edu_medical_dec_t + event_public_edu_medical_dec_t1 + growth_adj_log + policy_boundary_dummy + disaster_2016_dummy + d1 + d2
2025-09-05 15:23:29,183 - INFO - Ridge正則化を有効化 (alpha=1.0)
2025-09-05 15:23:29,183 - INFO - Ridge正則化付き推定を実行 (alpha=1.0)
2025-09-05 15:23:29,205 - INFO - 推定完了: R² = 0.9999
2025-09-05 15:23:29,205 - INFO - 推定結果を抽出中
2025-09-05 15:23:29,205 - INFO - present_bases: {'employment_inc', 'disaster_dec', 'commercial_inc', 'public_edu_medical_inc', 'transit_dec', 'public_edu_medical_dec', 'transit_inc', 'housing_inc', 'policy_boundary', 'housing_dec', 'disaster_inc'}
2025-09-05 15:23:29,205 - INFO - found_params: {'housing_inc': {'t': True, 't1': True}, 'housing_dec': {'t': True, 't1': True}, 'commercial_inc': {'t': True, 't1': True}, 'commercial_dec': {'t': False, 't1': False}, 'transit_inc': {'t': True, 't1': True}, 'transit_dec': {'t': True, 't1': True}, 'public_edu_medical_inc': {'t': True, 't1': True}, 'public_edu_medical_dec': {'t': True, 't1': True}, 'employment_inc': {'t': True, 't1': True}, 'employment_dec': {'t': False, 't1': False}, 'disaster_inc': {'t': True, 't1': True}, 'disaster_dec': {'t': True, 't1': True}}
2025-09-05 15:23:29,206 - INFO - nonzero_counts: {'housing_inc_t': 36, 'housing_inc_t1': 36, 'housing_dec_t': 1, 'housing_dec_t1': 1, 'commercial_inc_t': 6, 'commercial_inc_t1': 6, 'transit_inc_t': 0, 'transit_inc_t1': 13, 'transit_dec_t': 3, 'transit_dec_t1': 3, 'public_edu_medical_inc_t': 0, 'public_edu_medical_inc_t1': 0, 'public_edu_medical_dec_t': 0, 'public_edu_medical_dec_t1': 0, 'employment_inc_t': 0, 'employment_inc_t1': 1, 'disaster_inc_t': 1, 'disaster_inc_t1': 0, 'disaster_dec_t': 1, 'disaster_dec_t1': 0}
2025-09-05 15:23:29,206 - INFO - Processing housing_inc
2025-09-05 15:23:29,206 - INFO - Added result for housing_inc: beta=-0.039
2025-09-05 15:23:29,206 - INFO - Processing housing_dec
2025-09-05 15:23:29,206 - INFO - Added result for housing_dec: beta=-4.457
2025-09-05 15:23:29,206 - INFO - Processing commercial_inc
2025-09-05 15:23:29,206 - INFO - Added result for commercial_inc: beta=5.870
2025-09-05 15:23:29,206 - INFO - Skipping commercial_dec (not in present_bases)
2025-09-05 15:23:29,206 - INFO - Processing transit_inc
2025-09-05 15:23:29,206 - INFO - Added result for transit_inc: beta=-0.249
2025-09-05 15:23:29,206 - INFO - Processing transit_dec
2025-09-05 15:23:29,206 - INFO - Added result for transit_dec: beta=1.637
2025-09-05 15:23:29,206 - INFO - Processing public_edu_medical_inc
2025-09-05 15:23:29,206 - INFO - Added result for public_edu_medical_inc: beta=0.000
2025-09-05 15:23:29,206 - INFO - Processing public_edu_medical_dec
2025-09-05 15:23:29,206 - INFO - Added result for public_edu_medical_dec: beta=0.000
2025-09-05 15:23:29,206 - INFO - Processing employment_inc
2025-09-05 15:23:29,206 - INFO - Added result for employment_inc: beta=-2.228
2025-09-05 15:23:29,206 - INFO - Skipping employment_dec (not in present_bases)
2025-09-05 15:23:29,206 - INFO - Processing disaster_inc
2025-09-05 15:23:29,206 - INFO - Added result for disaster_inc: beta=-2.096
2025-09-05 15:23:29,206 - INFO - Processing disaster_dec
2025-09-05 15:23:29,206 - INFO - Added result for disaster_dec: beta=1.937
2025-09-05 15:23:29,206 - INFO - 結果を保存中
2025-09-05 15:23:29,209 - INFO - 係数結果を保存: /Users/ujihara/インターンシップ本課題_地域科学研究所/subject3/output/effects_coefficients_rate.csv
2025-09-05 15:23:29,210 - INFO - サマリを保存: /Users/ujihara/インターンシップ本課題_地域科学研究所/subject3/logs/20250905_152328_d09fd37f/twfe_summary.txt
2025-09-05 15:23:29,211 - INFO - === TWFE分析完了 ===
2025-09-05 15:23:29,217 - INFO - プレースボレポートを保存: /Users/ujihara/インターンシップ本課題_地域科学研究所/subject3/output/effects_placebo_report_2y.json
2025-09-05 15:23:29,217 - INFO - プレースボサマリを保存: /Users/ujihara/インターンシップ本課題_地域科学研究所/subject3/logs/20250905_152328_d09fd37f/placebo_summary_2y.txt
2025-09-05 15:23:29,217 - INFO - === プレースボ検査完了 ===
