2025-09-02 17:59:38,290 - INFO - === TWFE分析開始 ===
2025-09-02 17:59:38,290 - INFO - データ読み込み開始
2025-09-02 17:59:38,290 - INFO - features_panel.csv を読み込み中: /Users/ujihara/インターンシップ本課題_地域科学研究所/subject3/data/processed/features_panel.csv
2025-09-02 17:59:38,423 - INFO - events_matrix_signed.csv を読み込み中: /Users/ujihara/インターンシップ本課題_地域科学研究所/subject3/data/processed/events_matrix_signed.csv
2025-09-02 17:59:38,441 - INFO - events_labeled.csv を読み込み中: /Users/ujihara/インターンシップ本課題_地域科学研究所/subject3/data/processed/events_labeled.csv
2025-09-02 17:59:38,444 - INFO - データマージ中
2025-09-02 17:59:38,466 - INFO - 有向イベントを作成中
2025-09-02 17:59:38,714 - INFO - 欠損値処理中
2025-09-02 17:59:38,718 - INFO - 欠損値処理: 18732 -> 17381 行
2025-09-02 17:59:38,718 - INFO - マージ完了: 17381 行
2025-09-02 17:59:38,718 - INFO - コントロール変数を追加中
2025-09-02 17:59:38,719 - INFO - TWFE推定開始
2025-09-02 17:59:38,720 - INFO - 符号ありイベント変数を使用: 24 個
2025-09-02 17:59:38,720 - INFO - 選択された変数: ['event_housing_inc_t', 'event_housing_inc_t1', 'event_housing_dec_t', 'event_housing_dec_t1', 'event_commercial_inc_t']...
2025-09-02 17:59:38,721 - INFO - フィルタ後: 24 個のイベント変数
2025-09-02 17:59:38,721 - INFO - 回帰式: delta ~ 0 + C(town) + C(year) + event_housing_inc_t + event_housing_inc_t1 + event_housing_dec_t + event_housing_dec_t1 + event_commercial_inc_t + event_commercial_inc_t1 + event_commercial_dec_t + event_commercial_dec_t1 + event_transit_inc_t + event_transit_inc_t1 + event_transit_dec_t + event_transit_dec_t1 + event_public_edu_medical_inc_t + event_public_edu_medical_inc_t1 + event_public_edu_medical_dec_t + event_public_edu_medical_dec_t1 + event_employment_inc_t + event_employment_inc_t1 + event_employment_dec_t + event_employment_dec_t1 + event_disaster_inc_t + event_disaster_inc_t1 + event_disaster_dec_t + event_disaster_dec_t1 + growth_adj_log + policy_boundary_dummy + disaster_2016_dummy
2025-09-02 17:59:38,721 - INFO - split時は自動的にRidge正則化を有効化 (alpha=1.0)
2025-09-02 17:59:38,721 - INFO - Ridge正則化付き推定を実行 (alpha=1.0)
2025-09-02 17:59:56,569 - INFO - 推定完了: R² = 0.4664
2025-09-02 17:59:56,569 - INFO - 推定結果を抽出中
2025-09-02 17:59:56,570 - INFO - found_params: {'housing': {'t': False, 't1': False}, 'commercial': {'t': False, 't1': False}, 'transit': {'t': False, 't1': False}, 'public_edu_medical': {'t': False, 't1': False}, 'employment': {'t': False, 't1': False}, 'disaster': {'t': False, 't1': False}}
2025-09-02 17:59:56,570 - INFO - nonzero_counts: {}
2025-09-02 17:59:56,571 - INFO - 結果を保存中
2025-09-02 17:59:56,574 - INFO - 係数結果を保存: /Users/ujihara/インターンシップ本課題_地域科学研究所/subject3/output/effects_coefficients.csv
2025-09-02 17:59:56,576 - INFO - サマリを保存: /Users/ujihara/インターンシップ本課題_地域科学研究所/subject3/logs/20250902_175938_4ae43fa7/twfe_summary.txt
2025-09-02 17:59:56,576 - INFO - === TWFE分析完了 ===
