2025-09-02 13:25:09,670 - INFO - データ読み込み開始
2025-09-02 13:25:09,670 - INFO - features_panel.csv を読み込み中: /Users/ujihara/インターンシップ本課題_地域科学研究所/subject3/data/processed/features_panel.csv
2025-09-02 13:25:09,804 - INFO - events_matrix.csv を読み込み中: /Users/ujihara/インターンシップ本課題_地域科学研究所/subject3/data/processed/events_matrix.csv
2025-09-02 13:25:09,818 - INFO - データマージ中
2025-09-02 13:25:09,835 - INFO - 欠損値処理中
2025-09-02 13:25:09,839 - INFO - 欠損値処理: 18732 -> 17381 行
2025-09-02 13:25:09,839 - INFO - マージ完了: 17381 行
2025-09-02 13:25:09,841 - INFO - コントロール変数を追加中
2025-09-02 13:25:09,842 - INFO - === TWFE分析開始 ===
2025-09-02 13:25:09,842 - INFO - データ読み込み開始
2025-09-02 13:25:09,842 - INFO - features_panel.csv を読み込み中: /Users/ujihara/インターンシップ本課題_地域科学研究所/subject3/data/processed/features_panel.csv
2025-09-02 13:25:09,958 - INFO - events_matrix.csv を読み込み中: /Users/ujihara/インターンシップ本課題_地域科学研究所/subject3/data/processed/events_matrix.csv
2025-09-02 13:25:09,970 - INFO - データマージ中
2025-09-02 13:25:09,979 - INFO - 欠損値処理中
2025-09-02 13:25:09,984 - INFO - 欠損値処理: 18732 -> 17381 行
2025-09-02 13:25:09,984 - INFO - マージ完了: 17381 行
2025-09-02 13:25:09,984 - INFO - コントロール変数を追加中
2025-09-02 13:25:09,985 - INFO - TWFE推定開始
2025-09-02 13:25:09,985 - INFO - 回帰式: delta ~ 0 + C(town) + C(year) + event_disaster_t + event_disaster_t1 + event_policy_boundary_t + event_policy_boundary_t1 + event_transit_t + event_transit_t1 + event_employment_t + event_employment_t1 + event_public_edu_medical_t + event_public_edu_medical_t1 + event_commercial_t + event_commercial_t1 + event_housing_t + event_housing_t1 + growth_adj_log + policy_boundary_dummy + disaster_2016_dummy
2025-09-02 13:25:13,751 - INFO - 推定完了: R² = 0.9887
2025-09-02 13:25:13,752 - INFO - 推定結果を抽出中
2025-09-02 13:25:13,756 - INFO - 結果を保存中
2025-09-02 13:25:13,760 - INFO - 係数結果を保存: /Users/ujihara/インターンシップ本課題_地域科学研究所/data/processed/effects_coefficients.csv
2025-09-02 13:25:13,763 - INFO - サマリを保存: /Users/ujihara/インターンシップ本課題_地域科学研究所/logs/20250902_132509_83546568/twfe_summary.txt
2025-09-02 13:25:13,764 - INFO - === TWFE分析完了 ===
2025-09-02 13:25:13,771 - INFO - === TWFE分析開始 ===
2025-09-02 13:25:13,771 - INFO - データ読み込み開始
2025-09-02 13:25:13,771 - INFO - features_panel.csv を読み込み中: /Users/ujihara/インターンシップ本課題_地域科学研究所/subject3/data/processed/features_panel.csv
2025-09-02 13:25:13,955 - INFO - events_matrix.csv を読み込み中: /Users/ujihara/インターンシップ本課題_地域科学研究所/subject3/data/processed/events_matrix.csv
2025-09-02 13:25:13,992 - INFO - events_labeled.csv を読み込み中: /Users/ujihara/インターンシップ本課題_地域科学研究所/subject3/data/processed/events_labeled.csv
2025-09-02 13:25:13,995 - INFO - データマージ中
2025-09-02 13:25:14,002 - INFO - 有向イベントを作成中
2025-09-02 13:25:14,317 - INFO - 欠損値処理中
2025-09-02 13:25:14,323 - INFO - 欠損値処理: 18732 -> 17381 行
2025-09-02 13:25:14,323 - INFO - マージ完了: 17381 行
2025-09-02 13:25:14,323 - INFO - コントロール変数を追加中
2025-09-02 13:25:14,324 - INFO - TWFE推定開始
2025-09-02 13:25:14,324 - INFO - 回帰式: delta ~ 0 + C(town) + C(year) + event_disaster_t + event_disaster_t1 + event_policy_boundary_t + event_policy_boundary_t1 + event_transit_t + event_transit_t1 + event_employment_t + event_employment_t1 + event_public_edu_medical_t + event_public_edu_medical_t1 + event_commercial_t + event_commercial_t1 + event_housing_t + event_housing_t1 + event_housing_inc_t + event_housing_inc_t1 + event_housing_dec_t + event_housing_dec_t1 + event_transit_inc_t + event_transit_inc_t1 + event_transit_dec_t + event_transit_dec_t1 + event_public_edu_medical_inc_t + event_public_edu_medical_inc_t1 + event_public_edu_medical_dec_t + event_public_edu_medical_dec_t1 + event_employment_inc_t + event_employment_inc_t1 + event_employment_dec_t + event_employment_dec_t1 + event_disaster_inc_t + event_disaster_inc_t1 + event_disaster_dec_t + event_disaster_dec_t1 + event_policy_boundary_inc_t + event_policy_boundary_inc_t1 + event_policy_boundary_dec_t + event_policy_boundary_dec_t1 + event_unknown_inc_t + event_unknown_inc_t1 + event_unknown_dec_t + event_unknown_dec_t1 + event_commercial_inc_t + event_commercial_inc_t1 + event_commercial_dec_t + event_commercial_dec_t1 + growth_adj_log + policy_boundary_dummy + disaster_2016_dummy
2025-09-02 13:25:18,213 - INFO - 推定完了: R² = 0.9890
2025-09-02 13:25:18,214 - INFO - 推定結果を抽出中
2025-09-02 13:25:18,224 - INFO - 結果を保存中
2025-09-02 13:25:18,226 - INFO - 係数結果を保存: /Users/ujihara/インターンシップ本課題_地域科学研究所/data/processed/effects_coefficients.csv
2025-09-02 13:25:18,228 - INFO - サマリを保存: /Users/ujihara/インターンシップ本課題_地域科学研究所/logs/20250902_132513_acc909f1/twfe_summary.txt
2025-09-02 13:25:18,228 - INFO - === TWFE分析完了 ===
