2025-09-04 13:37:41,762 - INFO - === TWFE分析開始 ===
2025-09-04 13:37:41,762 - INFO - データ読み込み開始
2025-09-04 13:37:41,763 - INFO - features_panel.csv を読み込み中: /Users/ujihara/インターンシップ本課題_地域科学研究所/subject3/data/processed/features_panel.csv
2025-09-04 13:37:41,881 - INFO - events_matrix_signed.csv を読み込み中: /Users/ujihara/インターンシップ本課題_地域科学研究所/subject3/data/processed/events_matrix_signed.csv
2025-09-04 13:37:41,883 - INFO - events_labeled.csv を読み込み中: /Users/ujihara/インターンシップ本課題_地域科学研究所/subject3/data/processed/events_labeled.csv
2025-09-04 13:37:41,884 - INFO - データマージ中
2025-09-04 13:37:41,887 - INFO - 有向イベントを作成中
2025-09-04 13:37:41,956 - INFO - 欠損値処理中
2025-09-04 13:37:41,956 - INFO - 欠損値処理: 177 -> 177 行
2025-09-04 13:37:41,956 - INFO - マージ完了: 177 行
2025-09-04 13:37:41,956 - INFO - コントロール変数を追加中
2025-09-04 13:37:41,956 - INFO - 事前トレンド制御変数を追加中
2025-09-04 13:37:41,958 - INFO - 事前トレンド制御変数追加完了: d1, d2 (K=2)
2025-09-04 13:37:41,958 - INFO - TWFE推定開始
2025-09-04 13:37:41,958 - INFO - 符号ありイベント変数を使用: 22 個
2025-09-04 13:37:41,958 - INFO - 選択された変数: ['event_commercial_inc_t', 'event_disaster_dec_t', 'event_disaster_inc_t', 'event_employment_inc_t', 'event_housing_dec_t']...
2025-09-04 13:37:41,959 - INFO - フィルタ後: 22 個のイベント変数
2025-09-04 13:37:41,959 - INFO - 事前トレンド制御変数を追加: d1
2025-09-04 13:37:41,959 - INFO - 事前トレンド制御変数を追加: d2
2025-09-04 13:37:41,959 - INFO - 回帰式: delta ~ 0 + C(town) + C(year) + event_commercial_inc_t + event_disaster_dec_t + event_disaster_inc_t + event_employment_inc_t + event_housing_dec_t + event_housing_inc_t + event_policy_boundary_dec_t + event_public_edu_medical_inc_t + event_transit_dec_t + event_transit_inc_t + event_commercial_inc_t1 + event_disaster_dec_t1 + event_disaster_inc_t1 + event_employment_inc_t1 + event_housing_dec_t1 + event_housing_inc_t1 + event_policy_boundary_dec_t1 + event_public_edu_medical_inc_t1 + event_transit_dec_t1 + event_transit_inc_t1 + event_public_edu_medical_dec_t + event_public_edu_medical_dec_t1 + growth_adj_log + policy_boundary_dummy + disaster_2016_dummy + d1 + d2
2025-09-04 13:37:41,959 - INFO - Ridge正則化を有効化 (alpha=1.0)
2025-09-04 13:37:41,959 - INFO - Ridge正則化付き推定を実行 (alpha=1.0)
2025-09-04 13:37:42,735 - INFO - 推定完了: R² = 0.8928
2025-09-04 13:37:42,735 - INFO - 推定結果を抽出中
2025-09-04 13:37:42,735 - INFO - present_bases: {'disaster_inc', 'employment_inc', 'housing_inc', 'public_edu_medical_dec', 'policy_boundary', 'housing_dec', 'transit_inc', 'transit_dec', 'public_edu_medical_inc', 'commercial_inc', 'disaster_dec'}
2025-09-04 13:37:42,735 - INFO - found_params: {'housing_inc': {'t': True, 't1': True}, 'housing_dec': {'t': True, 't1': True}, 'commercial_inc': {'t': True, 't1': True}, 'commercial_dec': {'t': False, 't1': False}, 'transit_inc': {'t': True, 't1': True}, 'transit_dec': {'t': True, 't1': True}, 'public_edu_medical_inc': {'t': True, 't1': True}, 'public_edu_medical_dec': {'t': True, 't1': True}, 'employment_inc': {'t': True, 't1': True}, 'employment_dec': {'t': False, 't1': False}, 'disaster_inc': {'t': True, 't1': True}, 'disaster_dec': {'t': True, 't1': True}}
2025-09-04 13:37:42,736 - INFO - nonzero_counts: {'housing_inc_t': 114, 'housing_inc_t1': 114, 'housing_dec_t': 2, 'housing_dec_t1': 2, 'commercial_inc_t': 26, 'commercial_inc_t1': 26, 'transit_inc_t': 0, 'transit_inc_t1': 36, 'transit_dec_t': 9, 'transit_dec_t1': 4, 'public_edu_medical_inc_t': 0, 'public_edu_medical_inc_t1': 9, 'public_edu_medical_dec_t': 0, 'public_edu_medical_dec_t1': 0, 'employment_inc_t': 0, 'employment_inc_t1': 9, 'disaster_inc_t': 1, 'disaster_inc_t1': 1, 'disaster_dec_t': 5, 'disaster_dec_t1': 0}
2025-09-04 13:37:42,736 - INFO - Processing housing_inc
2025-09-04 13:37:42,736 - INFO - Added result for housing_inc: beta=-1.476
2025-09-04 13:37:42,736 - INFO - Processing housing_dec
2025-09-04 13:37:42,736 - INFO - Added result for housing_dec: beta=53.143
2025-09-04 13:37:42,736 - INFO - Processing commercial_inc
2025-09-04 13:37:42,737 - INFO - Added result for commercial_inc: beta=4.480
2025-09-04 13:37:42,737 - INFO - Skipping commercial_dec (not in present_bases)
2025-09-04 13:37:42,737 - INFO - Processing transit_inc
2025-09-04 13:37:42,737 - INFO - Added result for transit_inc: beta=-3.269
2025-09-04 13:37:42,737 - INFO - Processing transit_dec
2025-09-04 13:37:42,737 - INFO - Added result for transit_dec: beta=-77.166
2025-09-04 13:37:42,737 - INFO - Processing public_edu_medical_inc
2025-09-04 13:37:42,737 - INFO - Added result for public_edu_medical_inc: beta=73.676
2025-09-04 13:37:42,737 - INFO - Processing public_edu_medical_dec
2025-09-04 13:37:42,737 - INFO - Added result for public_edu_medical_dec: beta=0.000
2025-09-04 13:37:42,737 - INFO - Processing employment_inc
2025-09-04 13:37:42,737 - INFO - Added result for employment_inc: beta=8.109
2025-09-04 13:37:42,737 - INFO - Skipping employment_dec (not in present_bases)
2025-09-04 13:37:42,737 - INFO - Processing disaster_inc
2025-09-04 13:37:42,737 - INFO - Added result for disaster_inc: beta=60.561
2025-09-04 13:37:42,737 - INFO - Processing disaster_dec
2025-09-04 13:37:42,737 - INFO - Added result for disaster_dec: beta=-53.205
2025-09-04 13:37:42,738 - INFO - 結果を保存中
2025-09-04 13:37:42,745 - INFO - 係数結果を保存: /Users/ujihara/インターンシップ本課題_地域科学研究所/subject3/output/effects_coefficients.csv
2025-09-04 13:37:42,745 - INFO - サマリを保存: /Users/ujihara/インターンシップ本課題_地域科学研究所/subject3/logs/20250904_133741_16a98170/twfe_summary.txt
2025-09-04 13:37:42,745 - INFO - === TWFE分析完了 ===
2025-09-04 13:37:42,750 - INFO - === プレースボ検査開始 (シフト: 2年) ===
2025-09-04 13:37:42,750 - INFO - 本番分析を実行中...
2025-09-04 13:37:42,750 - INFO - === TWFE分析開始 ===
2025-09-04 13:37:42,750 - INFO - データ読み込み開始
2025-09-04 13:37:42,750 - INFO - features_panel.csv を読み込み中: /Users/ujihara/インターンシップ本課題_地域科学研究所/subject3/data/processed/features_panel.csv
2025-09-04 13:37:42,897 - INFO - events_matrix_signed.csv を読み込み中: /Users/ujihara/インターンシップ本課題_地域科学研究所/subject3/data/processed/events_matrix_signed.csv
2025-09-04 13:37:42,900 - INFO - events_labeled.csv を読み込み中: /Users/ujihara/インターンシップ本課題_地域科学研究所/subject3/data/processed/events_labeled.csv
2025-09-04 13:37:42,902 - INFO - データマージ中
2025-09-04 13:37:42,907 - INFO - 有向イベントを作成中
2025-09-04 13:37:43,014 - INFO - 欠損値処理中
2025-09-04 13:37:43,015 - INFO - 欠損値処理: 177 -> 177 行
2025-09-04 13:37:43,015 - INFO - マージ完了: 177 行
2025-09-04 13:37:43,015 - INFO - コントロール変数を追加中
2025-09-04 13:37:43,015 - INFO - 事前トレンド制御変数を追加中
2025-09-04 13:37:43,016 - INFO - 事前トレンド制御変数追加完了: d1, d2 (K=2)
2025-09-04 13:37:43,016 - INFO - TWFE推定開始
2025-09-04 13:37:43,016 - INFO - 符号ありイベント変数を使用: 22 個
2025-09-04 13:37:43,016 - INFO - 選択された変数: ['event_commercial_inc_t', 'event_disaster_dec_t', 'event_disaster_inc_t', 'event_employment_inc_t', 'event_housing_dec_t']...
2025-09-04 13:37:43,017 - INFO - フィルタ後: 22 個のイベント変数
2025-09-04 13:37:43,017 - INFO - 事前トレンド制御変数を追加: d1
2025-09-04 13:37:43,017 - INFO - 事前トレンド制御変数を追加: d2
2025-09-04 13:37:43,017 - INFO - 回帰式: delta ~ 0 + C(town) + C(year) + event_commercial_inc_t + event_disaster_dec_t + event_disaster_inc_t + event_employment_inc_t + event_housing_dec_t + event_housing_inc_t + event_policy_boundary_dec_t + event_public_edu_medical_inc_t + event_transit_dec_t + event_transit_inc_t + event_commercial_inc_t1 + event_disaster_dec_t1 + event_disaster_inc_t1 + event_employment_inc_t1 + event_housing_dec_t1 + event_housing_inc_t1 + event_policy_boundary_dec_t1 + event_public_edu_medical_inc_t1 + event_transit_dec_t1 + event_transit_inc_t1 + event_public_edu_medical_dec_t + event_public_edu_medical_dec_t1 + growth_adj_log + policy_boundary_dummy + disaster_2016_dummy + d1 + d2
2025-09-04 13:37:43,017 - INFO - Ridge正則化を有効化 (alpha=1.0)
2025-09-04 13:37:43,017 - INFO - Ridge正則化付き推定を実行 (alpha=1.0)
2025-09-04 13:37:43,028 - INFO - 推定完了: R² = 0.8928
2025-09-04 13:37:43,028 - INFO - 推定結果を抽出中
2025-09-04 13:37:43,028 - INFO - present_bases: {'disaster_inc', 'employment_inc', 'housing_inc', 'public_edu_medical_dec', 'policy_boundary', 'housing_dec', 'transit_inc', 'transit_dec', 'public_edu_medical_inc', 'commercial_inc', 'disaster_dec'}
2025-09-04 13:37:43,028 - INFO - found_params: {'housing_inc': {'t': True, 't1': True}, 'housing_dec': {'t': True, 't1': True}, 'commercial_inc': {'t': True, 't1': True}, 'commercial_dec': {'t': False, 't1': False}, 'transit_inc': {'t': True, 't1': True}, 'transit_dec': {'t': True, 't1': True}, 'public_edu_medical_inc': {'t': True, 't1': True}, 'public_edu_medical_dec': {'t': True, 't1': True}, 'employment_inc': {'t': True, 't1': True}, 'employment_dec': {'t': False, 't1': False}, 'disaster_inc': {'t': True, 't1': True}, 'disaster_dec': {'t': True, 't1': True}}
2025-09-04 13:37:43,029 - INFO - nonzero_counts: {'housing_inc_t': 114, 'housing_inc_t1': 114, 'housing_dec_t': 2, 'housing_dec_t1': 2, 'commercial_inc_t': 26, 'commercial_inc_t1': 26, 'transit_inc_t': 0, 'transit_inc_t1': 36, 'transit_dec_t': 9, 'transit_dec_t1': 4, 'public_edu_medical_inc_t': 0, 'public_edu_medical_inc_t1': 9, 'public_edu_medical_dec_t': 0, 'public_edu_medical_dec_t1': 0, 'employment_inc_t': 0, 'employment_inc_t1': 9, 'disaster_inc_t': 1, 'disaster_inc_t1': 1, 'disaster_dec_t': 5, 'disaster_dec_t1': 0}
2025-09-04 13:37:43,029 - INFO - Processing housing_inc
2025-09-04 13:37:43,029 - INFO - Added result for housing_inc: beta=-1.476
2025-09-04 13:37:43,029 - INFO - Processing housing_dec
2025-09-04 13:37:43,029 - INFO - Added result for housing_dec: beta=53.143
2025-09-04 13:37:43,030 - INFO - Processing commercial_inc
2025-09-04 13:37:43,030 - INFO - Added result for commercial_inc: beta=4.480
2025-09-04 13:37:43,030 - INFO - Skipping commercial_dec (not in present_bases)
2025-09-04 13:37:43,030 - INFO - Processing transit_inc
2025-09-04 13:37:43,030 - INFO - Added result for transit_inc: beta=-3.269
2025-09-04 13:37:43,030 - INFO - Processing transit_dec
2025-09-04 13:37:43,030 - INFO - Added result for transit_dec: beta=-77.166
2025-09-04 13:37:43,030 - INFO - Processing public_edu_medical_inc
2025-09-04 13:37:43,030 - INFO - Added result for public_edu_medical_inc: beta=73.676
2025-09-04 13:37:43,030 - INFO - Processing public_edu_medical_dec
2025-09-04 13:37:43,031 - INFO - Added result for public_edu_medical_dec: beta=0.000
2025-09-04 13:37:43,031 - INFO - Processing employment_inc
2025-09-04 13:37:43,031 - INFO - Added result for employment_inc: beta=8.109
2025-09-04 13:37:43,031 - INFO - Skipping employment_dec (not in present_bases)
2025-09-04 13:37:43,031 - INFO - Processing disaster_inc
2025-09-04 13:37:43,031 - INFO - Added result for disaster_inc: beta=60.561
2025-09-04 13:37:43,033 - INFO - Processing disaster_dec
2025-09-04 13:37:43,033 - INFO - Added result for disaster_dec: beta=-53.205
2025-09-04 13:37:43,034 - INFO - 結果を保存中
2025-09-04 13:37:43,036 - INFO - 係数結果を保存: /Users/ujihara/インターンシップ本課題_地域科学研究所/subject3/output/effects_coefficients.csv
2025-09-04 13:37:43,037 - INFO - サマリを保存: /Users/ujihara/インターンシップ本課題_地域科学研究所/subject3/logs/20250904_133741_16a98170/twfe_summary.txt
2025-09-04 13:37:43,037 - INFO - === TWFE分析完了 ===
2025-09-04 13:37:43,037 - INFO - プレースボ分析を実行中...
2025-09-04 13:37:43,037 - INFO - === TWFE分析開始 ===
2025-09-04 13:37:43,037 - INFO - データ読み込み開始
2025-09-04 13:37:43,038 - INFO - features_panel.csv を読み込み中: /Users/ujihara/インターンシップ本課題_地域科学研究所/subject3/data/processed/features_panel.csv
2025-09-04 13:37:43,199 - INFO - events_matrix_signed.csv を読み込み中: /Users/ujihara/インターンシップ本課題_地域科学研究所/subject3/data/processed/events_matrix_signed.csv
2025-09-04 13:37:43,201 - INFO - プレースボ検査: イベントを2年未来にシフト
2025-09-04 13:37:43,212 - INFO - プレースボシフト完了: 22 個のイベント列を2年シフト
2025-09-04 13:37:43,212 - INFO - events_labeled.csv を読み込み中: /Users/ujihara/インターンシップ本課題_地域科学研究所/subject3/data/processed/events_labeled.csv
2025-09-04 13:37:43,217 - INFO - データマージ中
2025-09-04 13:37:43,219 - INFO - 有向イベントを作成中
2025-09-04 13:37:43,331 - INFO - 欠損値処理中
2025-09-04 13:37:43,332 - INFO - 欠損値処理: 177 -> 177 行
2025-09-04 13:37:43,332 - INFO - マージ完了: 177 行
2025-09-04 13:37:43,332 - INFO - コントロール変数を追加中
2025-09-04 13:37:43,332 - INFO - 事前トレンド制御変数を追加中
2025-09-04 13:37:43,333 - INFO - 事前トレンド制御変数追加完了: d1, d2 (K=2)
2025-09-04 13:37:43,333 - INFO - TWFE推定開始
2025-09-04 13:37:43,333 - INFO - 符号ありイベント変数を使用: 22 個
2025-09-04 13:37:43,333 - INFO - 選択された変数: ['event_commercial_inc_t', 'event_disaster_dec_t', 'event_disaster_inc_t', 'event_employment_inc_t', 'event_housing_dec_t']...
2025-09-04 13:37:43,334 - INFO - フィルタ後: 22 個のイベント変数
2025-09-04 13:37:43,334 - INFO - 事前トレンド制御変数を追加: d1
2025-09-04 13:37:43,334 - INFO - 事前トレンド制御変数を追加: d2
2025-09-04 13:37:43,334 - INFO - 回帰式: delta ~ 0 + C(town) + C(year) + event_commercial_inc_t + event_disaster_dec_t + event_disaster_inc_t + event_employment_inc_t + event_housing_dec_t + event_housing_inc_t + event_policy_boundary_dec_t + event_public_edu_medical_inc_t + event_transit_dec_t + event_transit_inc_t + event_commercial_inc_t1 + event_disaster_dec_t1 + event_disaster_inc_t1 + event_employment_inc_t1 + event_housing_dec_t1 + event_housing_inc_t1 + event_policy_boundary_dec_t1 + event_public_edu_medical_inc_t1 + event_transit_dec_t1 + event_transit_inc_t1 + event_public_edu_medical_dec_t + event_public_edu_medical_dec_t1 + growth_adj_log + policy_boundary_dummy + disaster_2016_dummy + d1 + d2
2025-09-04 13:37:43,334 - INFO - Ridge正則化を有効化 (alpha=1.0)
2025-09-04 13:37:43,334 - INFO - Ridge正則化付き推定を実行 (alpha=1.0)
2025-09-04 13:37:43,359 - INFO - 推定完了: R² = 0.8929
2025-09-04 13:37:43,360 - INFO - 推定結果を抽出中
2025-09-04 13:37:43,360 - INFO - present_bases: {'disaster_inc', 'employment_inc', 'housing_inc', 'public_edu_medical_dec', 'policy_boundary', 'housing_dec', 'transit_inc', 'transit_dec', 'public_edu_medical_inc', 'commercial_inc', 'disaster_dec'}
2025-09-04 13:37:43,360 - INFO - found_params: {'housing_inc': {'t': True, 't1': True}, 'housing_dec': {'t': True, 't1': True}, 'commercial_inc': {'t': True, 't1': True}, 'commercial_dec': {'t': False, 't1': False}, 'transit_inc': {'t': True, 't1': True}, 'transit_dec': {'t': True, 't1': True}, 'public_edu_medical_inc': {'t': True, 't1': True}, 'public_edu_medical_dec': {'t': True, 't1': True}, 'employment_inc': {'t': True, 't1': True}, 'employment_dec': {'t': False, 't1': False}, 'disaster_inc': {'t': True, 't1': True}, 'disaster_dec': {'t': True, 't1': True}}
2025-09-04 13:37:43,363 - INFO - nonzero_counts: {'housing_inc_t': 118, 'housing_inc_t1': 118, 'housing_dec_t': 2, 'housing_dec_t1': 2, 'commercial_inc_t': 28, 'commercial_inc_t1': 28, 'transit_inc_t': 0, 'transit_inc_t1': 40, 'transit_dec_t': 9, 'transit_dec_t1': 4, 'public_edu_medical_inc_t': 0, 'public_edu_medical_inc_t1': 9, 'public_edu_medical_dec_t': 0, 'public_edu_medical_dec_t1': 0, 'employment_inc_t': 0, 'employment_inc_t1': 9, 'disaster_inc_t': 1, 'disaster_inc_t1': 0, 'disaster_dec_t': 5, 'disaster_dec_t1': 0}
2025-09-04 13:37:43,364 - INFO - Processing housing_inc
2025-09-04 13:37:43,364 - INFO - Added result for housing_inc: beta=-1.597
2025-09-04 13:37:43,364 - INFO - Processing housing_dec
2025-09-04 13:37:43,364 - INFO - Added result for housing_dec: beta=60.178
2025-09-04 13:37:43,364 - INFO - Processing commercial_inc
2025-09-04 13:37:43,364 - INFO - Added result for commercial_inc: beta=4.295
2025-09-04 13:37:43,364 - INFO - Skipping commercial_dec (not in present_bases)
2025-09-04 13:37:43,364 - INFO - Processing transit_inc
2025-09-04 13:37:43,364 - INFO - Added result for transit_inc: beta=-3.048
2025-09-04 13:37:43,364 - INFO - Processing transit_dec
2025-09-04 13:37:43,364 - INFO - Added result for transit_dec: beta=-76.505
2025-09-04 13:37:43,364 - INFO - Processing public_edu_medical_inc
2025-09-04 13:37:43,364 - INFO - Added result for public_edu_medical_inc: beta=65.983
2025-09-04 13:37:43,364 - INFO - Processing public_edu_medical_dec
2025-09-04 13:37:43,364 - INFO - Added result for public_edu_medical_dec: beta=0.000
2025-09-04 13:37:43,364 - INFO - Processing employment_inc
2025-09-04 13:37:43,365 - INFO - Added result for employment_inc: beta=8.230
2025-09-04 13:37:43,365 - INFO - Skipping employment_dec (not in present_bases)
2025-09-04 13:37:43,365 - INFO - Processing disaster_inc
2025-09-04 13:37:43,365 - INFO - Added result for disaster_inc: beta=38.000
2025-09-04 13:37:43,365 - INFO - Processing disaster_dec
2025-09-04 13:37:43,365 - INFO - Added result for disaster_dec: beta=-54.861
2025-09-04 13:37:43,366 - INFO - 結果を保存中
2025-09-04 13:37:43,373 - INFO - 係数結果を保存: /Users/ujihara/インターンシップ本課題_地域科学研究所/subject3/output/effects_coefficients.csv
2025-09-04 13:37:43,374 - INFO - サマリを保存: /Users/ujihara/インターンシップ本課題_地域科学研究所/subject3/logs/20250904_133741_16a98170/twfe_summary.txt
2025-09-04 13:37:43,374 - INFO - === TWFE分析完了 ===
2025-09-04 13:37:43,381 - INFO - プレースボレポートを保存: /Users/ujihara/インターンシップ本課題_地域科学研究所/subject3/output/effects_placebo_report_2y.json
2025-09-04 13:37:43,381 - INFO - プレースボサマリを保存: /Users/ujihara/インターンシップ本課題_地域科学研究所/subject3/logs/20250904_133741_16a98170/placebo_summary_2y.txt
2025-09-04 13:37:43,381 - INFO - === プレースボ検査完了 ===
