2025-09-02 16:33:06,242 - INFO - === TWFE分析開始 ===
2025-09-02 16:33:06,242 - INFO - データ読み込み開始
2025-09-02 16:33:06,242 - INFO - features_panel.csv を読み込み中: /Users/ujihara/インターンシップ本課題_地域科学研究所/subject3/data/processed/features_panel.csv
2025-09-02 16:33:06,361 - INFO - events_matrix.csv を読み込み中: /Users/ujihara/インターンシップ本課題_地域科学研究所/subject3/data/processed/events_matrix.csv
2025-09-02 16:33:06,374 - INFO - データマージ中
2025-09-02 16:33:06,385 - INFO - 欠損値処理中
2025-09-02 16:33:06,389 - INFO - 欠損値処理: 18732 -> 17381 行
2025-09-02 16:33:06,389 - INFO - マージ完了: 17381 行
2025-09-02 16:33:06,389 - INFO - コントロール変数を追加中
2025-09-02 16:33:06,390 - INFO - TWFE推定開始
2025-09-02 16:33:06,390 - INFO - 符号なしイベント変数を使用: 12 個
2025-09-02 16:33:06,390 - INFO - 選択された変数: ['event_housing_t', 'event_housing_t1', 'event_commercial_t', 'event_commercial_t1', 'event_transit_t']...
2025-09-02 16:33:06,391 - INFO - フィルタ後: 12 個のイベント変数
2025-09-02 16:33:06,391 - INFO - 回帰式: delta ~ 0 + C(town) + C(year) + event_housing_t + event_housing_t1 + event_commercial_t + event_commercial_t1 + event_transit_t + event_transit_t1 + event_public_edu_medical_t + event_public_edu_medical_t1 + event_employment_t + event_employment_t1 + event_disaster_t + event_disaster_t1 + growth_adj_log + policy_boundary_dummy + disaster_2016_dummy
2025-09-02 16:33:06,391 - INFO - split時は自動的にRidge正則化を有効化 (alpha=1.0)
2025-09-02 16:33:06,391 - INFO - Ridge正則化付き推定を実行 (alpha=1.0)
2025-09-02 16:33:17,715 - INFO - 推定完了: R² = 0.4668
2025-09-02 16:33:17,716 - INFO - 推定結果を抽出中
2025-09-02 16:33:17,717 - INFO - found_params: {'housing': {'t': True, 't1': True}, 'commercial': {'t': True, 't1': True}, 'transit': {'t': True, 't1': True}, 'public_edu_medical': {'t': True, 't1': True}, 'employment': {'t': True, 't1': True}, 'disaster': {'t': True, 't1': True}}
2025-09-02 16:33:17,718 - INFO - nonzero_counts: {'housing_t': 118, 'housing_t1': 118, 'commercial_t': 26, 'commercial_t1': 26, 'transit_t': 3, 'transit_t1': 74, 'public_edu_medical_t': 0, 'public_edu_medical_t1': 55, 'employment_t': 0, 'employment_t1': 15, 'disaster_t': 6, 'disaster_t1': 0}
2025-09-02 16:33:17,719 - INFO - 結果を保存中
2025-09-02 16:33:17,723 - INFO - 係数結果を保存: /Users/ujihara/インターンシップ本課題_地域科学研究所/subject3/output/effects_coefficients.csv
2025-09-02 16:33:17,725 - INFO - サマリを保存: /Users/ujihara/インターンシップ本課題_地域科学研究所/subject3/logs/20250902_163306_d092d236/twfe_summary.txt
2025-09-02 16:33:17,725 - INFO - === TWFE分析完了 ===
