2025-09-02 13:42:17,835 - INFO - データ読み込み開始
2025-09-02 13:42:17,835 - INFO - features_panel.csv を読み込み中: /Users/ujihara/インターンシップ本課題_地域科学研究所/subject3/data/processed/features_panel.csv
2025-09-02 13:42:17,973 - INFO - events_matrix.csv を読み込み中: /Users/ujihara/インターンシップ本課題_地域科学研究所/subject3/data/processed/events_matrix.csv
2025-09-02 13:42:17,983 - INFO - データマージ中
2025-09-02 13:42:18,011 - INFO - 欠損値処理中
2025-09-02 13:42:18,015 - INFO - 欠損値処理: 18732 -> 17381 行
2025-09-02 13:42:18,015 - INFO - マージ完了: 17381 行
2025-09-02 13:42:18,017 - INFO - コントロール変数を追加中
2025-09-02 13:42:18,019 - INFO - === TWFE分析開始 ===
2025-09-02 13:42:18,019 - INFO - データ読み込み開始
2025-09-02 13:42:18,019 - INFO - features_panel.csv を読み込み中: /Users/ujihara/インターンシップ本課題_地域科学研究所/subject3/data/processed/features_panel.csv
2025-09-02 13:42:18,134 - INFO - events_matrix.csv を読み込み中: /Users/ujihara/インターンシップ本課題_地域科学研究所/subject3/data/processed/events_matrix.csv
2025-09-02 13:42:18,146 - INFO - データマージ中
2025-09-02 13:42:18,157 - INFO - 欠損値処理中
2025-09-02 13:42:18,160 - INFO - 欠損値処理: 18732 -> 17381 行
2025-09-02 13:42:18,160 - INFO - マージ完了: 17381 行
2025-09-02 13:42:18,160 - INFO - コントロール変数を追加中
2025-09-02 13:42:18,160 - INFO - TWFE推定開始
2025-09-02 13:42:18,161 - INFO - 回帰式: delta ~ 0 + C(town) + C(year) + event_disaster_t + event_disaster_t1 + event_policy_boundary_t + event_policy_boundary_t1 + event_transit_t + event_transit_t1 + event_employment_t + event_employment_t1 + event_public_edu_medical_t + event_public_edu_medical_t1 + event_commercial_t + event_commercial_t1 + event_housing_t + event_housing_t1 + growth_adj_log + policy_boundary_dummy + disaster_2016_dummy
2025-09-02 13:42:21,203 - INFO - 推定完了: R² = 0.9887
2025-09-02 13:42:21,203 - INFO - 推定結果を抽出中
2025-09-02 13:42:21,209 - INFO - 結果を保存中
2025-09-02 13:42:21,215 - INFO - 係数結果を保存: /Users/ujihara/インターンシップ本課題_地域科学研究所/subject3/output/effects_coefficients.csv
2025-09-02 13:42:21,217 - INFO - サマリを保存: /Users/ujihara/インターンシップ本課題_地域科学研究所/subject3/logs/20250902_134218_925aacbb/twfe_summary.txt
2025-09-02 13:42:21,217 - INFO - === TWFE分析完了 ===
2025-09-02 13:42:21,226 - INFO - === TWFE分析開始 ===
2025-09-02 13:42:21,226 - INFO - データ読み込み開始
2025-09-02 13:42:21,226 - INFO - features_panel.csv を読み込み中: /Users/ujihara/インターンシップ本課題_地域科学研究所/subject3/data/processed/features_panel.csv
2025-09-02 13:42:21,407 - INFO - events_matrix.csv を読み込み中: /Users/ujihara/インターンシップ本課題_地域科学研究所/subject3/data/processed/events_matrix.csv
2025-09-02 13:42:21,430 - INFO - events_labeled.csv を読み込み中: /Users/ujihara/インターンシップ本課題_地域科学研究所/subject3/data/processed/events_labeled.csv
2025-09-02 13:42:21,435 - INFO - データマージ中
2025-09-02 13:42:21,446 - INFO - 有向イベントを作成中
2025-09-02 13:42:21,767 - INFO - 欠損値処理中
2025-09-02 13:42:21,780 - INFO - 欠損値処理: 18732 -> 17381 行
2025-09-02 13:42:21,780 - INFO - マージ完了: 17381 行
2025-09-02 13:42:21,780 - INFO - コントロール変数を追加中
2025-09-02 13:42:21,780 - INFO - TWFE推定開始
2025-09-02 13:42:21,781 - INFO - 回帰式: delta ~ 0 + C(town) + C(year) + event_disaster_t + event_disaster_t1 + event_policy_boundary_t + event_policy_boundary_t1 + event_transit_t + event_transit_t1 + event_employment_t + event_employment_t1 + event_public_edu_medical_t + event_public_edu_medical_t1 + event_commercial_t + event_commercial_t1 + event_housing_t + event_housing_t1 + event_housing_inc_t + event_housing_inc_t1 + event_housing_dec_t + event_housing_dec_t1 + event_transit_inc_t + event_transit_inc_t1 + event_transit_dec_t + event_transit_dec_t1 + event_public_edu_medical_inc_t + event_public_edu_medical_inc_t1 + event_public_edu_medical_dec_t + event_public_edu_medical_dec_t1 + event_employment_inc_t + event_employment_inc_t1 + event_employment_dec_t + event_employment_dec_t1 + event_disaster_inc_t + event_disaster_inc_t1 + event_disaster_dec_t + event_disaster_dec_t1 + event_policy_boundary_inc_t + event_policy_boundary_inc_t1 + event_policy_boundary_dec_t + event_policy_boundary_dec_t1 + event_unknown_inc_t + event_unknown_inc_t1 + event_unknown_dec_t + event_unknown_dec_t1 + event_commercial_inc_t + event_commercial_inc_t1 + event_commercial_dec_t + event_commercial_dec_t1 + growth_adj_log + policy_boundary_dummy + disaster_2016_dummy
2025-09-02 13:42:25,451 - INFO - 推定完了: R² = 0.9890
2025-09-02 13:42:25,451 - INFO - 推定結果を抽出中
2025-09-02 13:42:25,462 - INFO - 結果を保存中
2025-09-02 13:42:25,463 - INFO - 係数結果を保存: /Users/ujihara/インターンシップ本課題_地域科学研究所/subject3/output/effects_coefficients.csv
2025-09-02 13:42:25,465 - INFO - サマリを保存: /Users/ujihara/インターンシップ本課題_地域科学研究所/subject3/logs/20250902_134221_44473ad9/twfe_summary.txt
2025-09-02 13:42:25,465 - INFO - === TWFE分析完了 ===
