2025-09-03 10:49:39,411 - INFO - 設定ファイルを読み込み: /Users/ujihara/インターンシップ本課題_地域科学研究所/subject3/config.yaml
2025-09-03 10:49:39,411 - INFO - === TWFE分析開始 ===
2025-09-03 10:49:39,411 - INFO - データ読み込み開始
2025-09-03 10:49:39,412 - INFO - features_panel.csv を読み込み中: /Users/ujihara/インターンシップ本課題_地域科学研究所/subject3/data/processed/features_panel.csv
2025-09-03 10:49:39,532 - INFO - events_matrix_signed.csv を読み込み中: /Users/ujihara/インターンシップ本課題_地域科学研究所/subject3/data/processed/events_matrix_signed.csv
2025-09-03 10:49:39,553 - INFO - events_labeled.csv を読み込み中: /Users/ujihara/インターンシップ本課題_地域科学研究所/subject3/data/processed/events_labeled.csv
2025-09-03 10:49:39,554 - INFO - データマージ中
2025-09-03 10:49:39,574 - INFO - 有向イベントを作成中
2025-09-03 10:49:39,828 - INFO - 欠損値処理中
2025-09-03 10:49:39,832 - INFO - 欠損値処理: 18732 -> 17381 行
2025-09-03 10:49:39,832 - INFO - マージ完了: 17381 行
2025-09-03 10:49:39,832 - INFO - コントロール変数を追加中
2025-09-03 10:49:39,833 - INFO - TWFE推定開始
2025-09-03 10:49:39,834 - INFO - 符号ありイベント変数を使用: 28 個
2025-09-03 10:49:39,834 - INFO - 選択された変数: ['event_disaster_inc_t', 'event_disaster_inc_t1', 'event_disaster_dec_t', 'event_disaster_dec_t1', 'event_policy_boundary_inc_t']...
2025-09-03 10:49:39,835 - INFO - フィルタ後: 28 個のイベント変数
2025-09-03 10:49:39,835 - INFO - 回帰式: delta ~ 0 + C(town) + C(year) + event_disaster_inc_t + event_disaster_inc_t1 + event_disaster_dec_t + event_disaster_dec_t1 + event_policy_boundary_inc_t + event_policy_boundary_inc_t1 + event_policy_boundary_dec_t + event_policy_boundary_dec_t1 + event_transit_inc_t + event_transit_inc_t1 + event_transit_dec_t + event_transit_dec_t1 + event_employment_inc_t + event_employment_inc_t1 + event_employment_dec_t + event_employment_dec_t1 + event_public_edu_medical_inc_t + event_public_edu_medical_inc_t1 + event_public_edu_medical_dec_t + event_public_edu_medical_dec_t1 + event_commercial_inc_t + event_commercial_inc_t1 + event_commercial_dec_t + event_commercial_dec_t1 + event_housing_inc_t + event_housing_inc_t1 + event_housing_dec_t + event_housing_dec_t1 + growth_adj_log + policy_boundary_dummy + disaster_2016_dummy
2025-09-03 10:49:39,835 - INFO - split時は自動的にRidge正則化を有効化 (alpha=0.1)
2025-09-03 10:49:39,835 - INFO - Ridge正則化付き推定を実行 (alpha=0.1)
2025-09-03 10:49:52,262 - INFO - 推定完了: R² = 0.5388
2025-09-03 10:49:52,264 - INFO - 推定結果を抽出中
2025-09-03 10:49:52,264 - INFO - present_bases: {'transit_inc', 'public_edu_medical_inc', 'commercial_inc', 'housing_inc', 'public_edu_medical_dec', 'commercial_dec', 'policy_boundary', 'disaster_inc', 'employment_inc', 'housing_dec', 'transit_dec', 'disaster_dec', 'employment_dec'}
2025-09-03 10:49:52,264 - INFO - found_params: {'housing_inc': {'t': True, 't1': True}, 'housing_dec': {'t': True, 't1': True}, 'commercial_inc': {'t': True, 't1': True}, 'commercial_dec': {'t': True, 't1': True}, 'transit_inc': {'t': True, 't1': True}, 'transit_dec': {'t': True, 't1': True}, 'public_edu_medical_inc': {'t': True, 't1': True}, 'public_edu_medical_dec': {'t': True, 't1': True}, 'employment_inc': {'t': True, 't1': True}, 'employment_dec': {'t': True, 't1': True}, 'disaster_inc': {'t': True, 't1': True}, 'disaster_dec': {'t': True, 't1': True}}
2025-09-03 10:49:52,266 - INFO - nonzero_counts: {'housing_inc_t': 109, 'housing_inc_t1': 109, 'housing_dec_t': 2, 'housing_dec_t1': 2, 'commercial_inc_t': 25, 'commercial_inc_t1': 25, 'commercial_dec_t': 0, 'commercial_dec_t1': 0, 'transit_inc_t': 0, 'transit_inc_t1': 36, 'transit_dec_t': 3, 'transit_dec_t1': 4, 'public_edu_medical_inc_t': 0, 'public_edu_medical_inc_t1': 9, 'public_edu_medical_dec_t': 0, 'public_edu_medical_dec_t1': 0, 'employment_inc_t': 0, 'employment_inc_t1': 9, 'employment_dec_t': 0, 'employment_dec_t1': 0, 'disaster_inc_t': 1, 'disaster_inc_t1': 0, 'disaster_dec_t': 5, 'disaster_dec_t1': 0}
2025-09-03 10:49:52,266 - INFO - Processing housing_inc
2025-09-03 10:49:52,266 - INFO - Added result for housing_inc: beta=0.386
2025-09-03 10:49:52,266 - INFO - Processing housing_dec
2025-09-03 10:49:52,266 - INFO - Added result for housing_dec: beta=31.336
2025-09-03 10:49:52,266 - INFO - Processing commercial_inc
2025-09-03 10:49:52,266 - INFO - Added result for commercial_inc: beta=-0.098
2025-09-03 10:49:52,266 - INFO - Processing commercial_dec
2025-09-03 10:49:52,266 - INFO - Added result for commercial_dec: beta=0.000
2025-09-03 10:49:52,266 - INFO - Processing transit_inc
2025-09-03 10:49:52,266 - INFO - Added result for transit_inc: beta=-0.172
2025-09-03 10:49:52,266 - INFO - Processing transit_dec
2025-09-03 10:49:52,267 - INFO - Added result for transit_dec: beta=-77.899
2025-09-03 10:49:52,267 - INFO - Processing public_edu_medical_inc
2025-09-03 10:49:52,267 - INFO - Added result for public_edu_medical_inc: beta=45.454
2025-09-03 10:49:52,267 - INFO - Processing public_edu_medical_dec
2025-09-03 10:49:52,267 - INFO - Added result for public_edu_medical_dec: beta=0.000
2025-09-03 10:49:52,267 - INFO - Processing employment_inc
2025-09-03 10:49:52,267 - INFO - Added result for employment_inc: beta=-0.154
2025-09-03 10:49:52,267 - INFO - Processing employment_dec
2025-09-03 10:49:52,267 - INFO - Added result for employment_dec: beta=0.000
2025-09-03 10:49:52,267 - INFO - Processing disaster_inc
2025-09-03 10:49:52,267 - INFO - Added result for disaster_inc: beta=25.608
2025-09-03 10:49:52,267 - INFO - Processing disaster_dec
2025-09-03 10:49:52,267 - INFO - Added result for disaster_dec: beta=4.425
2025-09-03 10:49:52,271 - INFO - 結果を保存中
2025-09-03 10:49:52,280 - INFO - 係数結果を保存: /Users/ujihara/インターンシップ本課題_地域科学研究所/subject3/output/effects_coefficients.csv
2025-09-03 10:49:52,283 - INFO - サマリを保存: /Users/ujihara/インターンシップ本課題_地域科学研究所/subject3/logs/20250903_104939_db8b3d8e/twfe_summary.txt
2025-09-03 10:49:52,283 - INFO - === TWFE分析完了 ===
