2025-09-02 13:31:06,032 - INFO - データ読み込み開始
2025-09-02 13:31:06,032 - INFO - features_panel.csv を読み込み中: ../data/processed/features_panel.csv
2025-09-02 13:31:06,170 - INFO - events_matrix.csv を読み込み中: ../data/processed/events_matrix.csv
2025-09-02 13:31:06,185 - INFO - データマージ中
2025-09-02 13:31:06,200 - INFO - 欠損値処理中
2025-09-02 13:31:06,204 - INFO - 欠損値処理: 18732 -> 17381 行
2025-09-02 13:31:06,204 - INFO - マージ完了: 17381 行
2025-09-02 13:31:06,205 - INFO - コントロール変数を追加中
2025-09-02 13:31:06,206 - INFO - === TWFE分析開始 ===
2025-09-02 13:31:06,206 - INFO - データ読み込み開始
2025-09-02 13:31:06,206 - INFO - features_panel.csv を読み込み中: ../data/processed/features_panel.csv
2025-09-02 13:31:06,328 - INFO - events_matrix.csv を読み込み中: ../data/processed/events_matrix.csv
2025-09-02 13:31:06,339 - INFO - データマージ中
2025-09-02 13:31:06,350 - INFO - 欠損値処理中
2025-09-02 13:31:06,357 - INFO - 欠損値処理: 18732 -> 17381 行
2025-09-02 13:31:06,357 - INFO - マージ完了: 17381 行
2025-09-02 13:31:06,357 - INFO - コントロール変数を追加中
2025-09-02 13:31:06,358 - INFO - TWFE推定開始
2025-09-02 13:31:06,358 - INFO - 回帰式: delta ~ 0 + C(town) + C(year) + event_disaster_t + event_disaster_t1 + event_policy_boundary_t + event_policy_boundary_t1 + event_transit_t + event_transit_t1 + event_employment_t + event_employment_t1 + event_public_edu_medical_t + event_public_edu_medical_t1 + event_commercial_t + event_commercial_t1 + event_housing_t + event_housing_t1 + growth_adj_log + policy_boundary_dummy + disaster_2016_dummy
2025-09-02 13:31:09,522 - INFO - 推定完了: R² = 0.9887
2025-09-02 13:31:09,522 - INFO - 推定結果を抽出中
2025-09-02 13:31:09,525 - INFO - 結果を保存中
2025-09-02 13:31:09,529 - INFO - 係数結果を保存: ../../data/processed/effects_coefficients.csv
2025-09-02 13:31:09,531 - INFO - サマリを保存: ../../logs/20250902_133106_0ed85d9f/twfe_summary.txt
2025-09-02 13:31:09,531 - INFO - === TWFE分析完了 ===
2025-09-02 13:31:09,542 - INFO - === TWFE分析開始 ===
2025-09-02 13:31:09,542 - INFO - データ読み込み開始
2025-09-02 13:31:09,542 - INFO - features_panel.csv を読み込み中: ../data/processed/features_panel.csv
2025-09-02 13:31:09,824 - INFO - events_matrix.csv を読み込み中: ../data/processed/events_matrix.csv
2025-09-02 13:31:09,840 - INFO - events_labeled.csv を読み込み中: ../data/processed/events_labeled.csv
2025-09-02 13:31:09,842 - INFO - データマージ中
2025-09-02 13:31:09,850 - INFO - 有向イベントを作成中
2025-09-02 13:31:10,168 - INFO - 欠損値処理中
2025-09-02 13:31:10,175 - INFO - 欠損値処理: 18732 -> 17381 行
2025-09-02 13:31:10,175 - INFO - マージ完了: 17381 行
2025-09-02 13:31:10,176 - INFO - コントロール変数を追加中
2025-09-02 13:31:10,176 - INFO - TWFE推定開始
2025-09-02 13:31:10,176 - INFO - 回帰式: delta ~ 0 + C(town) + C(year) + event_disaster_t + event_disaster_t1 + event_policy_boundary_t + event_policy_boundary_t1 + event_transit_t + event_transit_t1 + event_employment_t + event_employment_t1 + event_public_edu_medical_t + event_public_edu_medical_t1 + event_commercial_t + event_commercial_t1 + event_housing_t + event_housing_t1 + event_housing_inc_t + event_housing_inc_t1 + event_housing_dec_t + event_housing_dec_t1 + event_transit_inc_t + event_transit_inc_t1 + event_transit_dec_t + event_transit_dec_t1 + event_public_edu_medical_inc_t + event_public_edu_medical_inc_t1 + event_public_edu_medical_dec_t + event_public_edu_medical_dec_t1 + event_employment_inc_t + event_employment_inc_t1 + event_employment_dec_t + event_employment_dec_t1 + event_disaster_inc_t + event_disaster_inc_t1 + event_disaster_dec_t + event_disaster_dec_t1 + event_policy_boundary_inc_t + event_policy_boundary_inc_t1 + event_policy_boundary_dec_t + event_policy_boundary_dec_t1 + event_unknown_inc_t + event_unknown_inc_t1 + event_unknown_dec_t + event_unknown_dec_t1 + event_commercial_inc_t + event_commercial_inc_t1 + event_commercial_dec_t + event_commercial_dec_t1 + growth_adj_log + policy_boundary_dummy + disaster_2016_dummy
