2025-09-03 14:23:19,895 - INFO - 設定ファイルを読み込み: /Users/ujihara/インターンシップ本課題_地域科学研究所/subject3/config.yaml
2025-09-03 14:23:19,895 - INFO - === TWFE分析開始 ===
2025-09-03 14:23:19,895 - INFO - データ読み込み開始
2025-09-03 14:23:19,896 - INFO - features_panel.csv を読み込み中: /Users/ujihara/インターンシップ本課題_地域科学研究所/subject3/data/processed/features_panel.csv
2025-09-03 14:23:20,002 - INFO - events_matrix_signed.csv を読み込み中: /Users/ujihara/インターンシップ本課題_地域科学研究所/subject3/data/processed/events_matrix_signed.csv
2025-09-03 14:23:20,020 - INFO - events_labeled.csv を読み込み中: /Users/ujihara/インターンシップ本課題_地域科学研究所/subject3/data/processed/events_labeled.csv
2025-09-03 14:23:20,022 - INFO - データマージ中
2025-09-03 14:23:20,034 - INFO - 有向イベントを作成中
2025-09-03 14:23:20,282 - INFO - 欠損値処理中
2025-09-03 14:23:20,286 - INFO - 欠損値処理: 18732 -> 17381 行
2025-09-03 14:23:20,286 - INFO - マージ完了: 17381 行
2025-09-03 14:23:20,286 - INFO - コントロール変数を追加中
2025-09-03 14:23:20,287 - INFO - 事前トレンド制御変数を追加中
2025-09-03 14:23:20,292 - INFO - 事前トレンド制御変数追加完了: d1, d2 (K=2)
2025-09-03 14:23:20,293 - INFO - TWFE推定開始
2025-09-03 14:23:20,293 - INFO - 符号ありイベント変数を使用: 28 個
2025-09-03 14:23:20,293 - INFO - 選択された変数: ['event_disaster_inc_t', 'event_disaster_inc_t1', 'event_disaster_dec_t', 'event_disaster_dec_t1', 'event_policy_boundary_inc_t']...
2025-09-03 14:23:20,294 - INFO - フィルタ後: 28 個のイベント変数
2025-09-03 14:23:20,294 - INFO - 事前トレンド制御変数を追加: d1
2025-09-03 14:23:20,294 - INFO - 事前トレンド制御変数を追加: d2
2025-09-03 14:23:20,294 - INFO - 回帰式: delta ~ 0 + C(town) + C(year) + event_disaster_inc_t + event_disaster_inc_t1 + event_disaster_dec_t + event_disaster_dec_t1 + event_policy_boundary_inc_t + event_policy_boundary_inc_t1 + event_policy_boundary_dec_t + event_policy_boundary_dec_t1 + event_transit_inc_t + event_transit_inc_t1 + event_transit_dec_t + event_transit_dec_t1 + event_employment_inc_t + event_employment_inc_t1 + event_employment_dec_t + event_employment_dec_t1 + event_public_edu_medical_inc_t + event_public_edu_medical_inc_t1 + event_public_edu_medical_dec_t + event_public_edu_medical_dec_t1 + event_commercial_inc_t + event_commercial_inc_t1 + event_commercial_dec_t + event_commercial_dec_t1 + event_housing_inc_t + event_housing_inc_t1 + event_housing_dec_t + event_housing_dec_t1 + growth_adj_log + policy_boundary_dummy + disaster_2016_dummy + d1 + d2
2025-09-03 14:23:20,294 - INFO - Ridge正則化を有効化 (alpha=1.0)
2025-09-03 14:23:20,294 - INFO - Ridge正則化付き推定を実行 (alpha=1.0)
2025-09-03 14:23:29,035 - INFO - 推定完了: R² = 0.6042
2025-09-03 14:23:29,035 - INFO - 推定結果を抽出中
2025-09-03 14:23:29,035 - INFO - present_bases: {'disaster_dec', 'commercial_dec', 'disaster_inc', 'employment_dec', 'employment_inc', 'commercial_inc', 'housing_inc', 'housing_dec', 'transit_dec', 'public_edu_medical_dec', 'public_edu_medical_inc', 'policy_boundary', 'transit_inc'}
2025-09-03 14:23:29,035 - INFO - found_params: {'housing_inc': {'t': True, 't1': True}, 'housing_dec': {'t': True, 't1': True}, 'commercial_inc': {'t': True, 't1': True}, 'commercial_dec': {'t': True, 't1': True}, 'transit_inc': {'t': True, 't1': True}, 'transit_dec': {'t': True, 't1': True}, 'public_edu_medical_inc': {'t': True, 't1': True}, 'public_edu_medical_dec': {'t': True, 't1': True}, 'employment_inc': {'t': True, 't1': True}, 'employment_dec': {'t': True, 't1': True}, 'disaster_inc': {'t': True, 't1': True}, 'disaster_dec': {'t': True, 't1': True}}
2025-09-03 14:23:29,036 - INFO - nonzero_counts: {'housing_inc_t': 109, 'housing_inc_t1': 109, 'housing_dec_t': 2, 'housing_dec_t1': 2, 'commercial_inc_t': 25, 'commercial_inc_t1': 25, 'commercial_dec_t': 0, 'commercial_dec_t1': 0, 'transit_inc_t': 0, 'transit_inc_t1': 36, 'transit_dec_t': 4, 'transit_dec_t1': 4, 'public_edu_medical_inc_t': 0, 'public_edu_medical_inc_t1': 9, 'public_edu_medical_dec_t': 0, 'public_edu_medical_dec_t1': 0, 'employment_inc_t': 0, 'employment_inc_t1': 9, 'employment_dec_t': 0, 'employment_dec_t1': 0, 'disaster_inc_t': 1, 'disaster_inc_t1': 1, 'disaster_dec_t': 5, 'disaster_dec_t1': 0}
2025-09-03 14:23:29,036 - INFO - Processing housing_inc
2025-09-03 14:23:29,037 - INFO - Added result for housing_inc: beta=0.405
2025-09-03 14:23:29,037 - INFO - Processing housing_dec
2025-09-03 14:23:29,037 - INFO - Added result for housing_dec: beta=20.082
2025-09-03 14:23:29,037 - INFO - Processing commercial_inc
2025-09-03 14:23:29,037 - INFO - Added result for commercial_inc: beta=-0.071
2025-09-03 14:23:29,037 - INFO - Processing commercial_dec
2025-09-03 14:23:29,037 - INFO - Added result for commercial_dec: beta=0.000
2025-09-03 14:23:29,037 - INFO - Processing transit_inc
2025-09-03 14:23:29,037 - INFO - Added result for transit_inc: beta=-0.209
2025-09-03 14:23:29,037 - INFO - Processing transit_dec
2025-09-03 14:23:29,037 - INFO - Added result for transit_dec: beta=-67.002
2025-09-03 14:23:29,037 - INFO - Processing public_edu_medical_inc
2025-09-03 14:23:29,037 - INFO - Added result for public_edu_medical_inc: beta=48.015
2025-09-03 14:23:29,037 - INFO - Processing public_edu_medical_dec
2025-09-03 14:23:29,037 - INFO - Added result for public_edu_medical_dec: beta=0.000
2025-09-03 14:23:29,037 - INFO - Processing employment_inc
2025-09-03 14:23:29,037 - INFO - Added result for employment_inc: beta=-0.185
2025-09-03 14:23:29,037 - INFO - Processing employment_dec
2025-09-03 14:23:29,037 - INFO - Added result for employment_dec: beta=0.000
2025-09-03 14:23:29,037 - INFO - Processing disaster_inc
2025-09-03 14:23:29,037 - INFO - Added result for disaster_inc: beta=50.344
2025-09-03 14:23:29,037 - INFO - Processing disaster_dec
2025-09-03 14:23:29,037 - INFO - Added result for disaster_dec: beta=4.408
2025-09-03 14:23:29,038 - INFO - 結果を保存中
2025-09-03 14:23:29,040 - INFO - 係数結果を保存: /Users/ujihara/インターンシップ本課題_地域科学研究所/subject3/output/effects_coefficients.csv
2025-09-03 14:23:29,041 - INFO - サマリを保存: /Users/ujihara/インターンシップ本課題_地域科学研究所/subject3/logs/20250903_142319_94ec5f54/twfe_summary.txt
2025-09-03 14:23:29,041 - INFO - === TWFE分析完了 ===
2025-09-03 14:23:29,044 - INFO - === プレースボ検査開始 (シフト: 0年) ===
2025-09-03 14:23:29,044 - INFO - 本番分析を実行中...
2025-09-03 14:23:29,044 - INFO - === TWFE分析開始 ===
2025-09-03 14:23:29,044 - INFO - データ読み込み開始
2025-09-03 14:23:29,044 - INFO - features_panel.csv を読み込み中: /Users/ujihara/インターンシップ本課題_地域科学研究所/subject3/data/processed/features_panel.csv
2025-09-03 14:23:29,155 - INFO - events_matrix_signed.csv を読み込み中: /Users/ujihara/インターンシップ本課題_地域科学研究所/subject3/data/processed/events_matrix_signed.csv
2025-09-03 14:23:29,173 - INFO - events_labeled.csv を読み込み中: /Users/ujihara/インターンシップ本課題_地域科学研究所/subject3/data/processed/events_labeled.csv
2025-09-03 14:23:29,174 - INFO - データマージ中
2025-09-03 14:23:29,187 - INFO - 有向イベントを作成中
2025-09-03 14:23:29,435 - INFO - 欠損値処理中
2025-09-03 14:23:29,439 - INFO - 欠損値処理: 18732 -> 17381 行
2025-09-03 14:23:29,440 - INFO - マージ完了: 17381 行
2025-09-03 14:23:29,440 - INFO - コントロール変数を追加中
2025-09-03 14:23:29,440 - INFO - 事前トレンド制御変数を追加中
2025-09-03 14:23:29,447 - INFO - 事前トレンド制御変数追加完了: d1, d2 (K=2)
2025-09-03 14:23:29,447 - INFO - TWFE推定開始
2025-09-03 14:23:29,447 - INFO - 符号ありイベント変数を使用: 28 個
2025-09-03 14:23:29,447 - INFO - 選択された変数: ['event_disaster_inc_t', 'event_disaster_inc_t1', 'event_disaster_dec_t', 'event_disaster_dec_t1', 'event_policy_boundary_inc_t']...
2025-09-03 14:23:29,449 - INFO - フィルタ後: 28 個のイベント変数
2025-09-03 14:23:29,449 - INFO - 事前トレンド制御変数を追加: d1
2025-09-03 14:23:29,449 - INFO - 事前トレンド制御変数を追加: d2
2025-09-03 14:23:29,449 - INFO - 回帰式: delta ~ 0 + C(town) + C(year) + event_disaster_inc_t + event_disaster_inc_t1 + event_disaster_dec_t + event_disaster_dec_t1 + event_policy_boundary_inc_t + event_policy_boundary_inc_t1 + event_policy_boundary_dec_t + event_policy_boundary_dec_t1 + event_transit_inc_t + event_transit_inc_t1 + event_transit_dec_t + event_transit_dec_t1 + event_employment_inc_t + event_employment_inc_t1 + event_employment_dec_t + event_employment_dec_t1 + event_public_edu_medical_inc_t + event_public_edu_medical_inc_t1 + event_public_edu_medical_dec_t + event_public_edu_medical_dec_t1 + event_commercial_inc_t + event_commercial_inc_t1 + event_commercial_dec_t + event_commercial_dec_t1 + event_housing_inc_t + event_housing_inc_t1 + event_housing_dec_t + event_housing_dec_t1 + growth_adj_log + policy_boundary_dummy + disaster_2016_dummy + d1 + d2
2025-09-03 14:23:29,449 - INFO - Ridge正則化を有効化 (alpha=1.0)
2025-09-03 14:23:29,449 - INFO - Ridge正則化付き推定を実行 (alpha=1.0)
2025-09-03 14:23:38,393 - INFO - 推定完了: R² = 0.6042
2025-09-03 14:23:38,393 - INFO - 推定結果を抽出中
2025-09-03 14:23:38,394 - INFO - present_bases: {'disaster_dec', 'commercial_dec', 'disaster_inc', 'employment_dec', 'employment_inc', 'commercial_inc', 'housing_inc', 'housing_dec', 'transit_dec', 'public_edu_medical_dec', 'public_edu_medical_inc', 'policy_boundary', 'transit_inc'}
2025-09-03 14:23:38,394 - INFO - found_params: {'housing_inc': {'t': True, 't1': True}, 'housing_dec': {'t': True, 't1': True}, 'commercial_inc': {'t': True, 't1': True}, 'commercial_dec': {'t': True, 't1': True}, 'transit_inc': {'t': True, 't1': True}, 'transit_dec': {'t': True, 't1': True}, 'public_edu_medical_inc': {'t': True, 't1': True}, 'public_edu_medical_dec': {'t': True, 't1': True}, 'employment_inc': {'t': True, 't1': True}, 'employment_dec': {'t': True, 't1': True}, 'disaster_inc': {'t': True, 't1': True}, 'disaster_dec': {'t': True, 't1': True}}
2025-09-03 14:23:38,395 - INFO - nonzero_counts: {'housing_inc_t': 109, 'housing_inc_t1': 109, 'housing_dec_t': 2, 'housing_dec_t1': 2, 'commercial_inc_t': 25, 'commercial_inc_t1': 25, 'commercial_dec_t': 0, 'commercial_dec_t1': 0, 'transit_inc_t': 0, 'transit_inc_t1': 36, 'transit_dec_t': 4, 'transit_dec_t1': 4, 'public_edu_medical_inc_t': 0, 'public_edu_medical_inc_t1': 9, 'public_edu_medical_dec_t': 0, 'public_edu_medical_dec_t1': 0, 'employment_inc_t': 0, 'employment_inc_t1': 9, 'employment_dec_t': 0, 'employment_dec_t1': 0, 'disaster_inc_t': 1, 'disaster_inc_t1': 1, 'disaster_dec_t': 5, 'disaster_dec_t1': 0}
2025-09-03 14:23:38,395 - INFO - Processing housing_inc
2025-09-03 14:23:38,396 - INFO - Added result for housing_inc: beta=0.405
2025-09-03 14:23:38,396 - INFO - Processing housing_dec
2025-09-03 14:23:38,396 - INFO - Added result for housing_dec: beta=20.082
2025-09-03 14:23:38,396 - INFO - Processing commercial_inc
2025-09-03 14:23:38,396 - INFO - Added result for commercial_inc: beta=-0.071
2025-09-03 14:23:38,396 - INFO - Processing commercial_dec
2025-09-03 14:23:38,396 - INFO - Added result for commercial_dec: beta=0.000
2025-09-03 14:23:38,396 - INFO - Processing transit_inc
2025-09-03 14:23:38,396 - INFO - Added result for transit_inc: beta=-0.209
2025-09-03 14:23:38,396 - INFO - Processing transit_dec
2025-09-03 14:23:38,396 - INFO - Added result for transit_dec: beta=-67.002
2025-09-03 14:23:38,396 - INFO - Processing public_edu_medical_inc
2025-09-03 14:23:38,396 - INFO - Added result for public_edu_medical_inc: beta=48.015
2025-09-03 14:23:38,396 - INFO - Processing public_edu_medical_dec
2025-09-03 14:23:38,396 - INFO - Added result for public_edu_medical_dec: beta=0.000
2025-09-03 14:23:38,396 - INFO - Processing employment_inc
2025-09-03 14:23:38,396 - INFO - Added result for employment_inc: beta=-0.185
2025-09-03 14:23:38,396 - INFO - Processing employment_dec
2025-09-03 14:23:38,396 - INFO - Added result for employment_dec: beta=0.000
2025-09-03 14:23:38,396 - INFO - Processing disaster_inc
2025-09-03 14:23:38,396 - INFO - Added result for disaster_inc: beta=50.344
2025-09-03 14:23:38,396 - INFO - Processing disaster_dec
2025-09-03 14:23:38,396 - INFO - Added result for disaster_dec: beta=4.408
2025-09-03 14:23:38,397 - INFO - 結果を保存中
2025-09-03 14:23:38,399 - INFO - 係数結果を保存: /Users/ujihara/インターンシップ本課題_地域科学研究所/subject3/output/effects_coefficients.csv
2025-09-03 14:23:38,400 - INFO - サマリを保存: /Users/ujihara/インターンシップ本課題_地域科学研究所/subject3/logs/20250903_142319_94ec5f54/twfe_summary.txt
2025-09-03 14:23:38,400 - INFO - === TWFE分析完了 ===
2025-09-03 14:23:38,400 - INFO - プレースボ分析を実行中...
2025-09-03 14:23:38,400 - INFO - === TWFE分析開始 ===
2025-09-03 14:23:38,400 - INFO - データ読み込み開始
2025-09-03 14:23:38,400 - INFO - features_panel.csv を読み込み中: /Users/ujihara/インターンシップ本課題_地域科学研究所/subject3/data/processed/features_panel.csv
2025-09-03 14:23:38,504 - INFO - events_matrix_signed.csv を読み込み中: /Users/ujihara/インターンシップ本課題_地域科学研究所/subject3/data/processed/events_matrix_signed.csv
2025-09-03 14:23:38,521 - INFO - events_labeled.csv を読み込み中: /Users/ujihara/インターンシップ本課題_地域科学研究所/subject3/data/processed/events_labeled.csv
2025-09-03 14:23:38,523 - INFO - データマージ中
2025-09-03 14:23:38,536 - INFO - 有向イベントを作成中
2025-09-03 14:23:38,784 - INFO - 欠損値処理中
2025-09-03 14:23:38,788 - INFO - 欠損値処理: 18732 -> 17381 行
2025-09-03 14:23:38,788 - INFO - マージ完了: 17381 行
2025-09-03 14:23:38,788 - INFO - コントロール変数を追加中
2025-09-03 14:23:38,788 - INFO - 事前トレンド制御変数を追加中
2025-09-03 14:23:38,794 - INFO - 事前トレンド制御変数追加完了: d1, d2 (K=2)
2025-09-03 14:23:38,794 - INFO - TWFE推定開始
2025-09-03 14:23:38,794 - INFO - 符号ありイベント変数を使用: 28 個
2025-09-03 14:23:38,794 - INFO - 選択された変数: ['event_disaster_inc_t', 'event_disaster_inc_t1', 'event_disaster_dec_t', 'event_disaster_dec_t1', 'event_policy_boundary_inc_t']...
2025-09-03 14:23:38,795 - INFO - フィルタ後: 28 個のイベント変数
2025-09-03 14:23:38,795 - INFO - 事前トレンド制御変数を追加: d1
2025-09-03 14:23:38,795 - INFO - 事前トレンド制御変数を追加: d2
2025-09-03 14:23:38,795 - INFO - 回帰式: delta ~ 0 + C(town) + C(year) + event_disaster_inc_t + event_disaster_inc_t1 + event_disaster_dec_t + event_disaster_dec_t1 + event_policy_boundary_inc_t + event_policy_boundary_inc_t1 + event_policy_boundary_dec_t + event_policy_boundary_dec_t1 + event_transit_inc_t + event_transit_inc_t1 + event_transit_dec_t + event_transit_dec_t1 + event_employment_inc_t + event_employment_inc_t1 + event_employment_dec_t + event_employment_dec_t1 + event_public_edu_medical_inc_t + event_public_edu_medical_inc_t1 + event_public_edu_medical_dec_t + event_public_edu_medical_dec_t1 + event_commercial_inc_t + event_commercial_inc_t1 + event_commercial_dec_t + event_commercial_dec_t1 + event_housing_inc_t + event_housing_inc_t1 + event_housing_dec_t + event_housing_dec_t1 + growth_adj_log + policy_boundary_dummy + disaster_2016_dummy + d1 + d2
2025-09-03 14:23:38,795 - INFO - Ridge正則化を有効化 (alpha=1.0)
2025-09-03 14:23:38,796 - INFO - Ridge正則化付き推定を実行 (alpha=1.0)
2025-09-03 14:23:49,388 - INFO - 推定完了: R² = 0.6042
2025-09-03 14:23:49,390 - INFO - 推定結果を抽出中
2025-09-03 14:23:49,390 - INFO - present_bases: {'disaster_dec', 'commercial_dec', 'disaster_inc', 'employment_dec', 'employment_inc', 'commercial_inc', 'housing_inc', 'housing_dec', 'transit_dec', 'public_edu_medical_dec', 'public_edu_medical_inc', 'policy_boundary', 'transit_inc'}
2025-09-03 14:23:49,390 - INFO - found_params: {'housing_inc': {'t': True, 't1': True}, 'housing_dec': {'t': True, 't1': True}, 'commercial_inc': {'t': True, 't1': True}, 'commercial_dec': {'t': True, 't1': True}, 'transit_inc': {'t': True, 't1': True}, 'transit_dec': {'t': True, 't1': True}, 'public_edu_medical_inc': {'t': True, 't1': True}, 'public_edu_medical_dec': {'t': True, 't1': True}, 'employment_inc': {'t': True, 't1': True}, 'employment_dec': {'t': True, 't1': True}, 'disaster_inc': {'t': True, 't1': True}, 'disaster_dec': {'t': True, 't1': True}}
2025-09-03 14:23:49,392 - INFO - nonzero_counts: {'housing_inc_t': 109, 'housing_inc_t1': 109, 'housing_dec_t': 2, 'housing_dec_t1': 2, 'commercial_inc_t': 25, 'commercial_inc_t1': 25, 'commercial_dec_t': 0, 'commercial_dec_t1': 0, 'transit_inc_t': 0, 'transit_inc_t1': 36, 'transit_dec_t': 4, 'transit_dec_t1': 4, 'public_edu_medical_inc_t': 0, 'public_edu_medical_inc_t1': 9, 'public_edu_medical_dec_t': 0, 'public_edu_medical_dec_t1': 0, 'employment_inc_t': 0, 'employment_inc_t1': 9, 'employment_dec_t': 0, 'employment_dec_t1': 0, 'disaster_inc_t': 1, 'disaster_inc_t1': 1, 'disaster_dec_t': 5, 'disaster_dec_t1': 0}
2025-09-03 14:23:49,392 - INFO - Processing housing_inc
2025-09-03 14:23:49,392 - INFO - Added result for housing_inc: beta=0.405
2025-09-03 14:23:49,392 - INFO - Processing housing_dec
2025-09-03 14:23:49,392 - INFO - Added result for housing_dec: beta=20.082
2025-09-03 14:23:49,392 - INFO - Processing commercial_inc
2025-09-03 14:23:49,392 - INFO - Added result for commercial_inc: beta=-0.071
2025-09-03 14:23:49,392 - INFO - Processing commercial_dec
2025-09-03 14:23:49,392 - INFO - Added result for commercial_dec: beta=0.000
2025-09-03 14:23:49,392 - INFO - Processing transit_inc
2025-09-03 14:23:49,393 - INFO - Added result for transit_inc: beta=-0.209
2025-09-03 14:23:49,393 - INFO - Processing transit_dec
2025-09-03 14:23:49,393 - INFO - Added result for transit_dec: beta=-67.002
2025-09-03 14:23:49,393 - INFO - Processing public_edu_medical_inc
2025-09-03 14:23:49,393 - INFO - Added result for public_edu_medical_inc: beta=48.015
2025-09-03 14:23:49,393 - INFO - Processing public_edu_medical_dec
2025-09-03 14:23:49,393 - INFO - Added result for public_edu_medical_dec: beta=0.000
2025-09-03 14:23:49,393 - INFO - Processing employment_inc
2025-09-03 14:23:49,393 - INFO - Added result for employment_inc: beta=-0.185
2025-09-03 14:23:49,393 - INFO - Processing employment_dec
2025-09-03 14:23:49,393 - INFO - Added result for employment_dec: beta=0.000
2025-09-03 14:23:49,393 - INFO - Processing disaster_inc
2025-09-03 14:23:49,393 - INFO - Added result for disaster_inc: beta=50.344
2025-09-03 14:23:49,393 - INFO - Processing disaster_dec
2025-09-03 14:23:49,393 - INFO - Added result for disaster_dec: beta=4.408
2025-09-03 14:23:49,394 - INFO - 結果を保存中
2025-09-03 14:23:49,395 - INFO - 係数結果を保存: /Users/ujihara/インターンシップ本課題_地域科学研究所/subject3/output/effects_coefficients.csv
2025-09-03 14:23:49,396 - INFO - サマリを保存: /Users/ujihara/インターンシップ本課題_地域科学研究所/subject3/logs/20250903_142319_94ec5f54/twfe_summary.txt
2025-09-03 14:23:49,396 - INFO - === TWFE分析完了 ===
2025-09-03 14:23:49,399 - INFO - プレースボレポートを保存: /Users/ujihara/インターンシップ本課題_地域科学研究所/subject3/output/effects_placebo_report_0y.json
2025-09-03 14:23:49,399 - INFO - プレースボサマリを保存: /Users/ujihara/インターンシップ本課題_地域科学研究所/subject3/logs/20250903_142319_94ec5f54/placebo_summary_0y.txt
2025-09-03 14:23:49,399 - INFO - === プレースボ検査完了 ===
