2025-09-02 14:27:47,029 - INFO - === TWFE分析開始 ===
2025-09-02 14:27:47,029 - INFO - データ読み込み開始
2025-09-02 14:27:47,029 - INFO - features_panel.csv を読み込み中: /Users/ujihara/インターンシップ本課題_地域科学研究所/subject3/data/processed/features_panel.csv
2025-09-02 14:27:47,155 - INFO - events_matrix.csv を読み込み中: /Users/ujihara/インターンシップ本課題_地域科学研究所/subject3/data/processed/events_matrix.csv
2025-09-02 14:27:47,166 - INFO - events_labeled.csv を読み込み中: /Users/ujihara/インターンシップ本課題_地域科学研究所/subject3/data/processed/events_labeled.csv
2025-09-02 14:27:47,168 - INFO - データマージ中
2025-09-02 14:27:47,179 - INFO - 有向イベントを作成中
2025-09-02 14:27:47,479 - INFO - 欠損値処理中
2025-09-02 14:27:47,485 - INFO - 欠損値処理: 18732 -> 17381 行
2025-09-02 14:27:47,485 - INFO - マージ完了: 17381 行
2025-09-02 14:27:47,485 - INFO - コントロール変数を追加中
2025-09-02 14:27:47,487 - INFO - TWFE推定開始
2025-09-02 14:27:47,487 - INFO - 符号ありイベント変数を使用: 32 個
2025-09-02 14:27:47,487 - INFO - 選択された変数: ['event_housing_inc_t', 'event_housing_inc_t1', 'event_housing_dec_t', 'event_housing_dec_t1', 'event_transit_inc_t']...
2025-09-02 14:27:47,489 - INFO - 回帰式: delta ~ 0 + C(town) + C(year) + event_housing_inc_combined + event_disaster_dec_combined + event_housing_dec_combined + event_public_edu_medical_inc_combined + event_transit_dec_combined + event_policy_boundary_dec_combined + event_transit_inc_combined + event_unknown_dec_combined + event_policy_boundary_inc_combined + event_employment_dec_combined + event_public_edu_medical_dec_combined + event_disaster_inc_combined + event_commercial_inc_combined + event_unknown_inc_combined + event_commercial_dec_combined + event_employment_inc_combined + growth_adj_log + policy_boundary_dummy + disaster_2016_dummy
2025-09-02 14:27:50,874 - INFO - 推定完了: R² = 0.9889
2025-09-02 14:27:50,875 - INFO - 推定結果を抽出中
2025-09-02 14:27:50,878 - INFO - 結果を保存中
2025-09-02 14:27:50,907 - INFO - 係数結果を保存: /Users/ujihara/インターンシップ本課題_地域科学研究所/subject3/output/effects_coefficients.csv
2025-09-02 14:27:50,912 - INFO - サマリを保存: /Users/ujihara/インターンシップ本課題_地域科学研究所/subject3/logs/20250902_142747_1cb0fba0/twfe_summary.txt
2025-09-02 14:27:50,912 - INFO - === TWFE分析完了 ===
