2025-09-11 17:41:49,025 - INFO - === TWFE分析開始 ===
2025-09-11 17:41:49,025 - INFO - データ読み込み開始
2025-09-11 17:41:49,025 - INFO - features_panel.csv を読み込み中: /Users/ujihara/インターンシップ本課題_地域科学研究所/subject3/data/processed/features_panel.csv
2025-09-11 17:41:49,131 - INFO - events_matrix_signed.csv を読み込み中: /Users/ujihara/インターンシップ本課題_地域科学研究所/subject3/data/processed/events_matrix_signed.csv
2025-09-11 17:41:49,132 - INFO - events_labeled.csv を読み込み中: /Users/ujihara/インターンシップ本課題_地域科学研究所/subject3/data/processed/events_labeled.csv
2025-09-11 17:41:49,148 - INFO - データマージ中
2025-09-11 17:41:49,153 - INFO - 有向イベントを作成中
2025-09-11 17:41:49,220 - INFO - 欠損値処理中
2025-09-11 17:41:49,220 - INFO - 欠損値処理: 177 -> 177 行
2025-09-11 17:41:49,220 - INFO - 人口変化率ターゲット変数を作成中
2025-09-11 17:41:49,222 - INFO - 率ターゲット作成完了: 177 -> 53 行
2025-09-11 17:41:49,222 - INFO - POP_FLOOR: 50
2025-09-11 17:41:49,222 - INFO - マージ完了: 53 行
2025-09-11 17:41:49,222 - INFO - コントロール変数を追加中
2025-09-11 17:41:49,223 - INFO - 事前トレンド制御変数を追加中
2025-09-11 17:41:49,224 - INFO - 事前トレンド制御変数追加完了: d1, d2 (K=2)
2025-09-11 17:41:49,224 - INFO - TWFE推定開始
2025-09-11 17:41:49,224 - INFO - 符号ありイベント変数を使用: 22 個
2025-09-11 17:41:49,224 - INFO - 選択された変数: ['event_commercial_inc_t', 'event_disaster_dec_t', 'event_disaster_inc_t', 'event_employment_inc_t', 'event_housing_dec_t']...
2025-09-11 17:41:49,225 - INFO - フィルタ後: 22 個のイベント変数
2025-09-11 17:41:49,225 - INFO - 事前トレンド制御変数を追加: d1
2025-09-11 17:41:49,225 - INFO - 事前トレンド制御変数を追加: d2
2025-09-11 17:41:49,225 - INFO - 回帰式: y_rate ~ 0 + C(town) + C(year) + event_commercial_inc_t + event_disaster_dec_t + event_disaster_inc_t + event_employment_inc_t + event_housing_dec_t + event_housing_inc_t + event_policy_boundary_dec_t + event_public_edu_medical_inc_t + event_transit_dec_t + event_transit_inc_t + event_commercial_inc_t1 + event_disaster_dec_t1 + event_disaster_inc_t1 + event_employment_inc_t1 + event_housing_dec_t1 + event_housing_inc_t1 + event_policy_boundary_dec_t1 + event_public_edu_medical_inc_t1 + event_transit_dec_t1 + event_transit_inc_t1 + event_public_edu_medical_dec_t + event_public_edu_medical_dec_t1 + growth_adj_log + policy_boundary_dummy + disaster_2016_dummy + d1 + d2
2025-09-11 17:41:49,225 - INFO - Ridge正則化を有効化 (alpha=1.0)
2025-09-11 17:41:49,225 - INFO - Ridge正則化付き推定を実行 (alpha=1.0)
2025-09-11 17:41:49,511 - INFO - 推定完了: R² = 0.9998
2025-09-11 17:41:49,511 - INFO - 推定結果を抽出中
2025-09-11 17:41:49,511 - INFO - present_bases: {'commercial_inc', 'transit_inc', 'policy_boundary', 'transit_dec', 'public_edu_medical_inc', 'housing_inc', 'employment_inc', 'disaster_inc', 'housing_dec', 'disaster_dec', 'public_edu_medical_dec'}
2025-09-11 17:41:49,511 - INFO - found_params: {'housing_inc': {'t': True, 't1': True}, 'housing_dec': {'t': True, 't1': True}, 'commercial_inc': {'t': True, 't1': True}, 'commercial_dec': {'t': False, 't1': False}, 'transit_inc': {'t': True, 't1': True}, 'transit_dec': {'t': True, 't1': True}, 'public_edu_medical_inc': {'t': True, 't1': True}, 'public_edu_medical_dec': {'t': True, 't1': True}, 'employment_inc': {'t': True, 't1': True}, 'employment_dec': {'t': False, 't1': False}, 'disaster_inc': {'t': True, 't1': True}, 'disaster_dec': {'t': True, 't1': True}}
2025-09-11 17:41:49,512 - INFO - nonzero_counts: {'housing_inc_t': 35, 'housing_inc_t1': 35, 'housing_dec_t': 1, 'housing_dec_t1': 1, 'commercial_inc_t': 5, 'commercial_inc_t1': 5, 'transit_inc_t': 0, 'transit_inc_t1': 11, 'transit_dec_t': 4, 'transit_dec_t1': 3, 'public_edu_medical_inc_t': 0, 'public_edu_medical_inc_t1': 0, 'public_edu_medical_dec_t': 0, 'public_edu_medical_dec_t1': 0, 'employment_inc_t': 0, 'employment_inc_t1': 1, 'disaster_inc_t': 1, 'disaster_inc_t1': 1, 'disaster_dec_t': 1, 'disaster_dec_t1': 0}
2025-09-11 17:41:49,512 - INFO - Processing housing_inc
2025-09-11 17:41:49,512 - INFO - Added result for housing_inc: beta=-0.051
2025-09-11 17:41:49,513 - INFO - Processing housing_dec
2025-09-11 17:41:49,513 - INFO - Added result for housing_dec: beta=-7.677
2025-09-11 17:41:49,513 - INFO - Processing commercial_inc
2025-09-11 17:41:49,513 - INFO - Added result for commercial_inc: beta=3.536
2025-09-11 17:41:49,513 - INFO - Skipping commercial_dec (not in present_bases)
2025-09-11 17:41:49,513 - INFO - Processing transit_inc
2025-09-11 17:41:49,513 - INFO - Added result for transit_inc: beta=-0.703
2025-09-11 17:41:49,513 - INFO - Processing transit_dec
2025-09-11 17:41:49,513 - INFO - Added result for transit_dec: beta=2.276
2025-09-11 17:41:49,513 - INFO - Processing public_edu_medical_inc
2025-09-11 17:41:49,513 - INFO - Added result for public_edu_medical_inc: beta=0.000
2025-09-11 17:41:49,513 - INFO - Processing public_edu_medical_dec
2025-09-11 17:41:49,513 - INFO - Added result for public_edu_medical_dec: beta=0.000
2025-09-11 17:41:49,513 - INFO - Processing employment_inc
2025-09-11 17:41:49,513 - INFO - Added result for employment_inc: beta=-3.838
2025-09-11 17:41:49,513 - INFO - Skipping employment_dec (not in present_bases)
2025-09-11 17:41:49,513 - INFO - Processing disaster_inc
2025-09-11 17:41:49,513 - INFO - Added result for disaster_inc: beta=-1.949
2025-09-11 17:41:49,513 - INFO - Processing disaster_dec
2025-09-11 17:41:49,513 - INFO - Added result for disaster_dec: beta=2.893
2025-09-11 17:41:49,514 - INFO - 結果を保存中
2025-09-11 17:41:49,523 - INFO - 係数結果を保存: /Users/ujihara/インターンシップ本課題_地域科学研究所/subject3/output/effects_coefficients_rate.csv
2025-09-11 17:41:49,523 - INFO - サマリを保存: /Users/ujihara/インターンシップ本課題_地域科学研究所/subject3/logs/20250911_174149_6371e23e/twfe_summary.txt
2025-09-11 17:41:49,523 - INFO - === TWFE分析完了 ===
2025-09-11 17:41:49,535 - INFO - === プレースボ検査開始 (シフト: 2年) ===
2025-09-11 17:41:49,535 - INFO - 本番分析を実行中...
2025-09-11 17:41:49,535 - INFO - === TWFE分析開始 ===
2025-09-11 17:41:49,535 - INFO - データ読み込み開始
2025-09-11 17:41:49,535 - INFO - features_panel.csv を読み込み中: /Users/ujihara/インターンシップ本課題_地域科学研究所/subject3/data/processed/features_panel.csv
2025-09-11 17:41:49,712 - INFO - events_matrix_signed.csv を読み込み中: /Users/ujihara/インターンシップ本課題_地域科学研究所/subject3/data/processed/events_matrix_signed.csv
2025-09-11 17:41:49,718 - INFO - events_labeled.csv を読み込み中: /Users/ujihara/インターンシップ本課題_地域科学研究所/subject3/data/processed/events_labeled.csv
2025-09-11 17:41:49,721 - INFO - データマージ中
2025-09-11 17:41:49,724 - INFO - 有向イベントを作成中
2025-09-11 17:41:49,811 - INFO - 欠損値処理中
2025-09-11 17:41:49,811 - INFO - 欠損値処理: 177 -> 177 行
2025-09-11 17:41:49,811 - INFO - 人口変化率ターゲット変数を作成中
2025-09-11 17:41:49,812 - INFO - 率ターゲット作成完了: 177 -> 53 行
2025-09-11 17:41:49,812 - INFO - POP_FLOOR: 50
2025-09-11 17:41:49,813 - INFO - マージ完了: 53 行
2025-09-11 17:41:49,813 - INFO - コントロール変数を追加中
2025-09-11 17:41:49,813 - INFO - 事前トレンド制御変数を追加中
2025-09-11 17:41:49,814 - INFO - 事前トレンド制御変数追加完了: d1, d2 (K=2)
2025-09-11 17:41:49,814 - INFO - TWFE推定開始
2025-09-11 17:41:49,814 - INFO - 符号ありイベント変数を使用: 22 個
2025-09-11 17:41:49,814 - INFO - 選択された変数: ['event_commercial_inc_t', 'event_disaster_dec_t', 'event_disaster_inc_t', 'event_employment_inc_t', 'event_housing_dec_t']...
2025-09-11 17:41:49,815 - INFO - フィルタ後: 22 個のイベント変数
2025-09-11 17:41:49,815 - INFO - 事前トレンド制御変数を追加: d1
2025-09-11 17:41:49,815 - INFO - 事前トレンド制御変数を追加: d2
2025-09-11 17:41:49,815 - INFO - 回帰式: y_rate ~ 0 + C(town) + C(year) + event_commercial_inc_t + event_disaster_dec_t + event_disaster_inc_t + event_employment_inc_t + event_housing_dec_t + event_housing_inc_t + event_policy_boundary_dec_t + event_public_edu_medical_inc_t + event_transit_dec_t + event_transit_inc_t + event_commercial_inc_t1 + event_disaster_dec_t1 + event_disaster_inc_t1 + event_employment_inc_t1 + event_housing_dec_t1 + event_housing_inc_t1 + event_policy_boundary_dec_t1 + event_public_edu_medical_inc_t1 + event_transit_dec_t1 + event_transit_inc_t1 + event_public_edu_medical_dec_t + event_public_edu_medical_dec_t1 + growth_adj_log + policy_boundary_dummy + disaster_2016_dummy + d1 + d2
2025-09-11 17:41:49,815 - INFO - Ridge正則化を有効化 (alpha=1.0)
2025-09-11 17:41:49,815 - INFO - Ridge正則化付き推定を実行 (alpha=1.0)
2025-09-11 17:41:49,823 - INFO - 推定完了: R² = 0.9998
2025-09-11 17:41:49,823 - INFO - 推定結果を抽出中
2025-09-11 17:41:49,823 - INFO - present_bases: {'commercial_inc', 'transit_inc', 'policy_boundary', 'transit_dec', 'public_edu_medical_inc', 'housing_inc', 'employment_inc', 'disaster_inc', 'housing_dec', 'disaster_dec', 'public_edu_medical_dec'}
2025-09-11 17:41:49,823 - INFO - found_params: {'housing_inc': {'t': True, 't1': True}, 'housing_dec': {'t': True, 't1': True}, 'commercial_inc': {'t': True, 't1': True}, 'commercial_dec': {'t': False, 't1': False}, 'transit_inc': {'t': True, 't1': True}, 'transit_dec': {'t': True, 't1': True}, 'public_edu_medical_inc': {'t': True, 't1': True}, 'public_edu_medical_dec': {'t': True, 't1': True}, 'employment_inc': {'t': True, 't1': True}, 'employment_dec': {'t': False, 't1': False}, 'disaster_inc': {'t': True, 't1': True}, 'disaster_dec': {'t': True, 't1': True}}
2025-09-11 17:41:49,824 - INFO - nonzero_counts: {'housing_inc_t': 35, 'housing_inc_t1': 35, 'housing_dec_t': 1, 'housing_dec_t1': 1, 'commercial_inc_t': 5, 'commercial_inc_t1': 5, 'transit_inc_t': 0, 'transit_inc_t1': 11, 'transit_dec_t': 4, 'transit_dec_t1': 3, 'public_edu_medical_inc_t': 0, 'public_edu_medical_inc_t1': 0, 'public_edu_medical_dec_t': 0, 'public_edu_medical_dec_t1': 0, 'employment_inc_t': 0, 'employment_inc_t1': 1, 'disaster_inc_t': 1, 'disaster_inc_t1': 1, 'disaster_dec_t': 1, 'disaster_dec_t1': 0}
2025-09-11 17:41:49,824 - INFO - Processing housing_inc
2025-09-11 17:41:49,824 - INFO - Added result for housing_inc: beta=-0.051
2025-09-11 17:41:49,824 - INFO - Processing housing_dec
2025-09-11 17:41:49,824 - INFO - Added result for housing_dec: beta=-7.677
2025-09-11 17:41:49,824 - INFO - Processing commercial_inc
2025-09-11 17:41:49,824 - INFO - Added result for commercial_inc: beta=3.536
2025-09-11 17:41:49,824 - INFO - Skipping commercial_dec (not in present_bases)
2025-09-11 17:41:49,824 - INFO - Processing transit_inc
2025-09-11 17:41:49,824 - INFO - Added result for transit_inc: beta=-0.703
2025-09-11 17:41:49,824 - INFO - Processing transit_dec
2025-09-11 17:41:49,824 - INFO - Added result for transit_dec: beta=2.276
2025-09-11 17:41:49,824 - INFO - Processing public_edu_medical_inc
2025-09-11 17:41:49,824 - INFO - Added result for public_edu_medical_inc: beta=0.000
2025-09-11 17:41:49,824 - INFO - Processing public_edu_medical_dec
2025-09-11 17:41:49,824 - INFO - Added result for public_edu_medical_dec: beta=0.000
2025-09-11 17:41:49,824 - INFO - Processing employment_inc
2025-09-11 17:41:49,824 - INFO - Added result for employment_inc: beta=-3.838
2025-09-11 17:41:49,824 - INFO - Skipping employment_dec (not in present_bases)
2025-09-11 17:41:49,824 - INFO - Processing disaster_inc
2025-09-11 17:41:49,825 - INFO - Added result for disaster_inc: beta=-1.949
2025-09-11 17:41:49,825 - INFO - Processing disaster_dec
2025-09-11 17:41:49,825 - INFO - Added result for disaster_dec: beta=2.893
2025-09-11 17:41:49,826 - INFO - 結果を保存中
2025-09-11 17:41:49,827 - INFO - 係数結果を保存: /Users/ujihara/インターンシップ本課題_地域科学研究所/subject3/output/effects_coefficients_rate.csv
2025-09-11 17:41:49,832 - INFO - サマリを保存: /Users/ujihara/インターンシップ本課題_地域科学研究所/subject3/logs/20250911_174149_6371e23e/twfe_summary.txt
2025-09-11 17:41:49,833 - INFO - === TWFE分析完了 ===
2025-09-11 17:41:49,833 - INFO - プレースボ分析を実行中...
2025-09-11 17:41:49,833 - INFO - === TWFE分析開始 ===
2025-09-11 17:41:49,833 - INFO - データ読み込み開始
2025-09-11 17:41:49,833 - INFO - features_panel.csv を読み込み中: /Users/ujihara/インターンシップ本課題_地域科学研究所/subject3/data/processed/features_panel.csv
2025-09-11 17:41:49,975 - INFO - events_matrix_signed.csv を読み込み中: /Users/ujihara/インターンシップ本課題_地域科学研究所/subject3/data/processed/events_matrix_signed.csv
2025-09-11 17:41:49,977 - INFO - プレースボ検査: イベントを2年未来にシフト
2025-09-11 17:41:49,986 - INFO - プレースボシフト完了: 22 個のイベント列を2年シフト
2025-09-11 17:41:49,986 - INFO - events_labeled.csv を読み込み中: /Users/ujihara/インターンシップ本課題_地域科学研究所/subject3/data/processed/events_labeled.csv
2025-09-11 17:41:49,987 - INFO - データマージ中
2025-09-11 17:41:49,991 - INFO - 有向イベントを作成中
2025-09-11 17:41:50,107 - INFO - 欠損値処理中
2025-09-11 17:41:50,108 - INFO - 欠損値処理: 177 -> 177 行
2025-09-11 17:41:50,108 - INFO - 人口変化率ターゲット変数を作成中
2025-09-11 17:41:50,109 - INFO - 率ターゲット作成完了: 177 -> 53 行
2025-09-11 17:41:50,109 - INFO - POP_FLOOR: 50
2025-09-11 17:41:50,109 - INFO - マージ完了: 53 行
2025-09-11 17:41:50,109 - INFO - コントロール変数を追加中
2025-09-11 17:41:50,109 - INFO - 事前トレンド制御変数を追加中
2025-09-11 17:41:50,110 - INFO - 事前トレンド制御変数追加完了: d1, d2 (K=2)
2025-09-11 17:41:50,110 - INFO - TWFE推定開始
2025-09-11 17:41:50,110 - INFO - 符号ありイベント変数を使用: 22 個
2025-09-11 17:41:50,110 - INFO - 選択された変数: ['event_commercial_inc_t', 'event_disaster_dec_t', 'event_disaster_inc_t', 'event_employment_inc_t', 'event_housing_dec_t']...
2025-09-11 17:41:50,111 - INFO - フィルタ後: 22 個のイベント変数
2025-09-11 17:41:50,111 - INFO - 事前トレンド制御変数を追加: d1
2025-09-11 17:41:50,111 - INFO - 事前トレンド制御変数を追加: d2
2025-09-11 17:41:50,111 - INFO - 回帰式: y_rate ~ 0 + C(town) + C(year) + event_commercial_inc_t + event_disaster_dec_t + event_disaster_inc_t + event_employment_inc_t + event_housing_dec_t + event_housing_inc_t + event_policy_boundary_dec_t + event_public_edu_medical_inc_t + event_transit_dec_t + event_transit_inc_t + event_commercial_inc_t1 + event_disaster_dec_t1 + event_disaster_inc_t1 + event_employment_inc_t1 + event_housing_dec_t1 + event_housing_inc_t1 + event_policy_boundary_dec_t1 + event_public_edu_medical_inc_t1 + event_transit_dec_t1 + event_transit_inc_t1 + event_public_edu_medical_dec_t + event_public_edu_medical_dec_t1 + growth_adj_log + policy_boundary_dummy + disaster_2016_dummy + d1 + d2
2025-09-11 17:41:50,111 - INFO - Ridge正則化を有効化 (alpha=1.0)
2025-09-11 17:41:50,111 - INFO - Ridge正則化付き推定を実行 (alpha=1.0)
2025-09-11 17:41:50,119 - INFO - 推定完了: R² = 0.9999
2025-09-11 17:41:50,119 - INFO - 推定結果を抽出中
2025-09-11 17:41:50,119 - INFO - present_bases: {'commercial_inc', 'transit_inc', 'policy_boundary', 'transit_dec', 'public_edu_medical_inc', 'housing_inc', 'employment_inc', 'disaster_inc', 'housing_dec', 'disaster_dec', 'public_edu_medical_dec'}
2025-09-11 17:41:50,119 - INFO - found_params: {'housing_inc': {'t': True, 't1': True}, 'housing_dec': {'t': True, 't1': True}, 'commercial_inc': {'t': True, 't1': True}, 'commercial_dec': {'t': False, 't1': False}, 'transit_inc': {'t': True, 't1': True}, 'transit_dec': {'t': True, 't1': True}, 'public_edu_medical_inc': {'t': True, 't1': True}, 'public_edu_medical_dec': {'t': True, 't1': True}, 'employment_inc': {'t': True, 't1': True}, 'employment_dec': {'t': False, 't1': False}, 'disaster_inc': {'t': True, 't1': True}, 'disaster_dec': {'t': True, 't1': True}}
2025-09-11 17:41:50,120 - INFO - nonzero_counts: {'housing_inc_t': 36, 'housing_inc_t1': 36, 'housing_dec_t': 1, 'housing_dec_t1': 1, 'commercial_inc_t': 6, 'commercial_inc_t1': 6, 'transit_inc_t': 0, 'transit_inc_t1': 13, 'transit_dec_t': 3, 'transit_dec_t1': 3, 'public_edu_medical_inc_t': 0, 'public_edu_medical_inc_t1': 0, 'public_edu_medical_dec_t': 0, 'public_edu_medical_dec_t1': 0, 'employment_inc_t': 0, 'employment_inc_t1': 1, 'disaster_inc_t': 1, 'disaster_inc_t1': 0, 'disaster_dec_t': 1, 'disaster_dec_t1': 0}
2025-09-11 17:41:50,120 - INFO - Processing housing_inc
2025-09-11 17:41:50,120 - INFO - Added result for housing_inc: beta=-0.039
2025-09-11 17:41:50,120 - INFO - Processing housing_dec
2025-09-11 17:41:50,120 - INFO - Added result for housing_dec: beta=-4.457
2025-09-11 17:41:50,120 - INFO - Processing commercial_inc
2025-09-11 17:41:50,120 - INFO - Added result for commercial_inc: beta=5.870
2025-09-11 17:41:50,120 - INFO - Skipping commercial_dec (not in present_bases)
2025-09-11 17:41:50,120 - INFO - Processing transit_inc
2025-09-11 17:41:50,120 - INFO - Added result for transit_inc: beta=-0.249
2025-09-11 17:41:50,120 - INFO - Processing transit_dec
2025-09-11 17:41:50,120 - INFO - Added result for transit_dec: beta=1.637
2025-09-11 17:41:50,120 - INFO - Processing public_edu_medical_inc
2025-09-11 17:41:50,120 - INFO - Added result for public_edu_medical_inc: beta=0.000
2025-09-11 17:41:50,120 - INFO - Processing public_edu_medical_dec
2025-09-11 17:41:50,120 - INFO - Added result for public_edu_medical_dec: beta=0.000
2025-09-11 17:41:50,120 - INFO - Processing employment_inc
2025-09-11 17:41:50,120 - INFO - Added result for employment_inc: beta=-2.228
2025-09-11 17:41:50,120 - INFO - Skipping employment_dec (not in present_bases)
2025-09-11 17:41:50,120 - INFO - Processing disaster_inc
2025-09-11 17:41:50,120 - INFO - Added result for disaster_inc: beta=-2.096
2025-09-11 17:41:50,120 - INFO - Processing disaster_dec
2025-09-11 17:41:50,120 - INFO - Added result for disaster_dec: beta=1.937
2025-09-11 17:41:50,121 - INFO - 結果を保存中
2025-09-11 17:41:50,122 - INFO - 係数結果を保存: /Users/ujihara/インターンシップ本課題_地域科学研究所/subject3/output/effects_coefficients_rate.csv
2025-09-11 17:41:50,123 - INFO - サマリを保存: /Users/ujihara/インターンシップ本課題_地域科学研究所/subject3/logs/20250911_174149_6371e23e/twfe_summary.txt
2025-09-11 17:41:50,123 - INFO - === TWFE分析完了 ===
2025-09-11 17:41:50,131 - INFO - プレースボレポートを保存: /Users/ujihara/インターンシップ本課題_地域科学研究所/subject3/output/effects_placebo_report_2y.json
2025-09-11 17:41:50,131 - INFO - プレースボサマリを保存: /Users/ujihara/インターンシップ本課題_地域科学研究所/subject3/logs/20250911_174149_6371e23e/placebo_summary_2y.txt
2025-09-11 17:41:50,131 - INFO - === プレースボ検査完了 ===
