2025-09-03 14:19:20,531 - INFO - 設定ファイルを読み込み: /Users/ujihara/インターンシップ本課題_地域科学研究所/subject3/config.yaml
2025-09-03 14:19:20,531 - INFO - === TWFE分析開始 ===
2025-09-03 14:19:20,531 - INFO - データ読み込み開始
2025-09-03 14:19:20,532 - INFO - features_panel.csv を読み込み中: /Users/ujihara/インターンシップ本課題_地域科学研究所/subject3/data/processed/features_panel.csv
2025-09-03 14:19:20,662 - INFO - events_matrix_signed.csv を読み込み中: /Users/ujihara/インターンシップ本課題_地域科学研究所/subject3/data/processed/events_matrix_signed.csv
2025-09-03 14:19:20,686 - INFO - events_labeled.csv を読み込み中: /Users/ujihara/インターンシップ本課題_地域科学研究所/subject3/data/processed/events_labeled.csv
2025-09-03 14:19:20,689 - INFO - データマージ中
2025-09-03 14:19:20,707 - INFO - 有向イベントを作成中
2025-09-03 14:19:20,953 - INFO - 欠損値処理中
2025-09-03 14:19:20,959 - INFO - 欠損値処理: 18732 -> 17381 行
2025-09-03 14:19:20,959 - INFO - マージ完了: 17381 行
2025-09-03 14:19:20,959 - INFO - コントロール変数を追加中
2025-09-03 14:19:20,961 - INFO - 事前トレンド制御変数を追加中
2025-09-03 14:19:20,968 - INFO - 事前トレンド制御変数追加完了: d1, d2 (K=2)
2025-09-03 14:19:20,968 - INFO - TWFE推定開始
2025-09-03 14:19:20,969 - INFO - 符号ありイベント変数を使用: 28 個
2025-09-03 14:19:20,969 - INFO - 選択された変数: ['event_disaster_inc_t', 'event_disaster_inc_t1', 'event_disaster_dec_t', 'event_disaster_dec_t1', 'event_policy_boundary_inc_t']...
2025-09-03 14:19:20,970 - INFO - フィルタ後: 28 個のイベント変数
2025-09-03 14:19:20,970 - INFO - 事前トレンド制御変数を追加: d1
2025-09-03 14:19:20,970 - INFO - 事前トレンド制御変数を追加: d2
2025-09-03 14:19:20,970 - INFO - 回帰式: delta ~ 0 + C(town) + C(year) + event_disaster_inc_t + event_disaster_inc_t1 + event_disaster_dec_t + event_disaster_dec_t1 + event_policy_boundary_inc_t + event_policy_boundary_inc_t1 + event_policy_boundary_dec_t + event_policy_boundary_dec_t1 + event_transit_inc_t + event_transit_inc_t1 + event_transit_dec_t + event_transit_dec_t1 + event_employment_inc_t + event_employment_inc_t1 + event_employment_dec_t + event_employment_dec_t1 + event_public_edu_medical_inc_t + event_public_edu_medical_inc_t1 + event_public_edu_medical_dec_t + event_public_edu_medical_dec_t1 + event_commercial_inc_t + event_commercial_inc_t1 + event_commercial_dec_t + event_commercial_dec_t1 + event_housing_inc_t + event_housing_inc_t1 + event_housing_dec_t + event_housing_dec_t1 + growth_adj_log + policy_boundary_dummy + disaster_2016_dummy + d1 + d2
2025-09-03 14:19:20,970 - INFO - Ridge正則化を有効化 (alpha=1.0)
2025-09-03 14:19:20,970 - INFO - Ridge正則化付き推定を実行 (alpha=1.0)
2025-09-03 14:19:32,196 - INFO - 推定完了: R² = 0.6042
2025-09-03 14:19:32,197 - INFO - 推定結果を抽出中
2025-09-03 14:19:32,197 - INFO - present_bases: {'housing_inc', 'transit_dec', 'housing_dec', 'commercial_inc', 'public_edu_medical_inc', 'disaster_inc', 'commercial_dec', 'employment_dec', 'disaster_dec', 'policy_boundary', 'public_edu_medical_dec', 'employment_inc', 'transit_inc'}
2025-09-03 14:19:32,197 - INFO - found_params: {'housing_inc': {'t': True, 't1': True}, 'housing_dec': {'t': True, 't1': True}, 'commercial_inc': {'t': True, 't1': True}, 'commercial_dec': {'t': True, 't1': True}, 'transit_inc': {'t': True, 't1': True}, 'transit_dec': {'t': True, 't1': True}, 'public_edu_medical_inc': {'t': True, 't1': True}, 'public_edu_medical_dec': {'t': True, 't1': True}, 'employment_inc': {'t': True, 't1': True}, 'employment_dec': {'t': True, 't1': True}, 'disaster_inc': {'t': True, 't1': True}, 'disaster_dec': {'t': True, 't1': True}}
2025-09-03 14:19:32,199 - INFO - nonzero_counts: {'housing_inc_t': 109, 'housing_inc_t1': 109, 'housing_dec_t': 2, 'housing_dec_t1': 2, 'commercial_inc_t': 25, 'commercial_inc_t1': 25, 'commercial_dec_t': 0, 'commercial_dec_t1': 0, 'transit_inc_t': 0, 'transit_inc_t1': 36, 'transit_dec_t': 4, 'transit_dec_t1': 4, 'public_edu_medical_inc_t': 0, 'public_edu_medical_inc_t1': 9, 'public_edu_medical_dec_t': 0, 'public_edu_medical_dec_t1': 0, 'employment_inc_t': 0, 'employment_inc_t1': 9, 'employment_dec_t': 0, 'employment_dec_t1': 0, 'disaster_inc_t': 1, 'disaster_inc_t1': 1, 'disaster_dec_t': 5, 'disaster_dec_t1': 0}
2025-09-03 14:19:32,199 - INFO - Processing housing_inc
2025-09-03 14:19:32,199 - INFO - Added result for housing_inc: beta=0.405
2025-09-03 14:19:32,199 - INFO - Processing housing_dec
2025-09-03 14:19:32,200 - INFO - Added result for housing_dec: beta=20.082
2025-09-03 14:19:32,200 - INFO - Processing commercial_inc
2025-09-03 14:19:32,200 - INFO - Added result for commercial_inc: beta=-0.071
2025-09-03 14:19:32,200 - INFO - Processing commercial_dec
2025-09-03 14:19:32,200 - INFO - Added result for commercial_dec: beta=0.000
2025-09-03 14:19:32,200 - INFO - Processing transit_inc
2025-09-03 14:19:32,200 - INFO - Added result for transit_inc: beta=-0.209
2025-09-03 14:19:32,200 - INFO - Processing transit_dec
2025-09-03 14:19:32,200 - INFO - Added result for transit_dec: beta=-67.002
2025-09-03 14:19:32,200 - INFO - Processing public_edu_medical_inc
2025-09-03 14:19:32,200 - INFO - Added result for public_edu_medical_inc: beta=48.015
2025-09-03 14:19:32,200 - INFO - Processing public_edu_medical_dec
2025-09-03 14:19:32,200 - INFO - Added result for public_edu_medical_dec: beta=0.000
2025-09-03 14:19:32,200 - INFO - Processing employment_inc
2025-09-03 14:19:32,200 - INFO - Added result for employment_inc: beta=-0.185
2025-09-03 14:19:32,200 - INFO - Processing employment_dec
2025-09-03 14:19:32,200 - INFO - Added result for employment_dec: beta=0.000
2025-09-03 14:19:32,200 - INFO - Processing disaster_inc
2025-09-03 14:19:32,200 - INFO - Added result for disaster_inc: beta=50.344
2025-09-03 14:19:32,200 - INFO - Processing disaster_dec
2025-09-03 14:19:32,200 - INFO - Added result for disaster_dec: beta=4.408
2025-09-03 14:19:32,202 - INFO - 結果を保存中
2025-09-03 14:19:32,205 - INFO - 係数結果を保存: /Users/ujihara/インターンシップ本課題_地域科学研究所/subject3/output/effects_coefficients.csv
2025-09-03 14:19:32,206 - INFO - サマリを保存: /Users/ujihara/インターンシップ本課題_地域科学研究所/subject3/logs/20250903_141920_eea03bae/twfe_summary.txt
2025-09-03 14:19:32,206 - INFO - === TWFE分析完了 ===
2025-09-03 14:19:32,209 - INFO - === プレースボ検査開始 (シフト: 2年) ===
2025-09-03 14:19:32,209 - INFO - 本番分析を実行中...
2025-09-03 14:19:32,209 - INFO - === TWFE分析開始 ===
2025-09-03 14:19:32,209 - INFO - データ読み込み開始
2025-09-03 14:19:32,210 - INFO - features_panel.csv を読み込み中: /Users/ujihara/インターンシップ本課題_地域科学研究所/subject3/data/processed/features_panel.csv
2025-09-03 14:19:32,318 - INFO - events_matrix_signed.csv を読み込み中: /Users/ujihara/インターンシップ本課題_地域科学研究所/subject3/data/processed/events_matrix_signed.csv
2025-09-03 14:19:32,336 - INFO - events_labeled.csv を読み込み中: /Users/ujihara/インターンシップ本課題_地域科学研究所/subject3/data/processed/events_labeled.csv
2025-09-03 14:19:32,337 - INFO - データマージ中
2025-09-03 14:19:32,352 - INFO - 有向イベントを作成中
2025-09-03 14:19:32,596 - INFO - 欠損値処理中
2025-09-03 14:19:32,601 - INFO - 欠損値処理: 18732 -> 17381 行
2025-09-03 14:19:32,601 - INFO - マージ完了: 17381 行
2025-09-03 14:19:32,601 - INFO - コントロール変数を追加中
2025-09-03 14:19:32,601 - INFO - 事前トレンド制御変数を追加中
2025-09-03 14:19:32,606 - INFO - 事前トレンド制御変数追加完了: d1, d2 (K=2)
2025-09-03 14:19:32,607 - INFO - TWFE推定開始
2025-09-03 14:19:32,607 - INFO - 符号ありイベント変数を使用: 28 個
2025-09-03 14:19:32,607 - INFO - 選択された変数: ['event_disaster_inc_t', 'event_disaster_inc_t1', 'event_disaster_dec_t', 'event_disaster_dec_t1', 'event_policy_boundary_inc_t']...
2025-09-03 14:19:32,608 - INFO - フィルタ後: 28 個のイベント変数
2025-09-03 14:19:32,608 - INFO - 事前トレンド制御変数を追加: d1
2025-09-03 14:19:32,608 - INFO - 事前トレンド制御変数を追加: d2
2025-09-03 14:19:32,608 - INFO - 回帰式: delta ~ 0 + C(town) + C(year) + event_disaster_inc_t + event_disaster_inc_t1 + event_disaster_dec_t + event_disaster_dec_t1 + event_policy_boundary_inc_t + event_policy_boundary_inc_t1 + event_policy_boundary_dec_t + event_policy_boundary_dec_t1 + event_transit_inc_t + event_transit_inc_t1 + event_transit_dec_t + event_transit_dec_t1 + event_employment_inc_t + event_employment_inc_t1 + event_employment_dec_t + event_employment_dec_t1 + event_public_edu_medical_inc_t + event_public_edu_medical_inc_t1 + event_public_edu_medical_dec_t + event_public_edu_medical_dec_t1 + event_commercial_inc_t + event_commercial_inc_t1 + event_commercial_dec_t + event_commercial_dec_t1 + event_housing_inc_t + event_housing_inc_t1 + event_housing_dec_t + event_housing_dec_t1 + growth_adj_log + policy_boundary_dummy + disaster_2016_dummy + d1 + d2
2025-09-03 14:19:32,608 - INFO - Ridge正則化を有効化 (alpha=1.0)
2025-09-03 14:19:32,608 - INFO - Ridge正則化付き推定を実行 (alpha=1.0)
2025-09-03 14:19:43,262 - INFO - 推定完了: R² = 0.6042
2025-09-03 14:19:43,263 - INFO - 推定結果を抽出中
2025-09-03 14:19:43,264 - INFO - present_bases: {'housing_inc', 'transit_dec', 'housing_dec', 'commercial_inc', 'public_edu_medical_inc', 'disaster_inc', 'commercial_dec', 'employment_dec', 'disaster_dec', 'policy_boundary', 'public_edu_medical_dec', 'employment_inc', 'transit_inc'}
2025-09-03 14:19:43,264 - INFO - found_params: {'housing_inc': {'t': True, 't1': True}, 'housing_dec': {'t': True, 't1': True}, 'commercial_inc': {'t': True, 't1': True}, 'commercial_dec': {'t': True, 't1': True}, 'transit_inc': {'t': True, 't1': True}, 'transit_dec': {'t': True, 't1': True}, 'public_edu_medical_inc': {'t': True, 't1': True}, 'public_edu_medical_dec': {'t': True, 't1': True}, 'employment_inc': {'t': True, 't1': True}, 'employment_dec': {'t': True, 't1': True}, 'disaster_inc': {'t': True, 't1': True}, 'disaster_dec': {'t': True, 't1': True}}
2025-09-03 14:19:43,266 - INFO - nonzero_counts: {'housing_inc_t': 109, 'housing_inc_t1': 109, 'housing_dec_t': 2, 'housing_dec_t1': 2, 'commercial_inc_t': 25, 'commercial_inc_t1': 25, 'commercial_dec_t': 0, 'commercial_dec_t1': 0, 'transit_inc_t': 0, 'transit_inc_t1': 36, 'transit_dec_t': 4, 'transit_dec_t1': 4, 'public_edu_medical_inc_t': 0, 'public_edu_medical_inc_t1': 9, 'public_edu_medical_dec_t': 0, 'public_edu_medical_dec_t1': 0, 'employment_inc_t': 0, 'employment_inc_t1': 9, 'employment_dec_t': 0, 'employment_dec_t1': 0, 'disaster_inc_t': 1, 'disaster_inc_t1': 1, 'disaster_dec_t': 5, 'disaster_dec_t1': 0}
2025-09-03 14:19:43,266 - INFO - Processing housing_inc
2025-09-03 14:19:43,266 - INFO - Added result for housing_inc: beta=0.405
2025-09-03 14:19:43,266 - INFO - Processing housing_dec
2025-09-03 14:19:43,266 - INFO - Added result for housing_dec: beta=20.082
2025-09-03 14:19:43,266 - INFO - Processing commercial_inc
2025-09-03 14:19:43,266 - INFO - Added result for commercial_inc: beta=-0.071
2025-09-03 14:19:43,266 - INFO - Processing commercial_dec
2025-09-03 14:19:43,266 - INFO - Added result for commercial_dec: beta=0.000
2025-09-03 14:19:43,266 - INFO - Processing transit_inc
2025-09-03 14:19:43,266 - INFO - Added result for transit_inc: beta=-0.209
2025-09-03 14:19:43,266 - INFO - Processing transit_dec
2025-09-03 14:19:43,266 - INFO - Added result for transit_dec: beta=-67.002
2025-09-03 14:19:43,266 - INFO - Processing public_edu_medical_inc
2025-09-03 14:19:43,266 - INFO - Added result for public_edu_medical_inc: beta=48.015
2025-09-03 14:19:43,266 - INFO - Processing public_edu_medical_dec
2025-09-03 14:19:43,266 - INFO - Added result for public_edu_medical_dec: beta=0.000
2025-09-03 14:19:43,266 - INFO - Processing employment_inc
2025-09-03 14:19:43,266 - INFO - Added result for employment_inc: beta=-0.185
2025-09-03 14:19:43,266 - INFO - Processing employment_dec
2025-09-03 14:19:43,266 - INFO - Added result for employment_dec: beta=0.000
2025-09-03 14:19:43,266 - INFO - Processing disaster_inc
2025-09-03 14:19:43,266 - INFO - Added result for disaster_inc: beta=50.344
2025-09-03 14:19:43,266 - INFO - Processing disaster_dec
2025-09-03 14:19:43,266 - INFO - Added result for disaster_dec: beta=4.408
2025-09-03 14:19:43,267 - INFO - 結果を保存中
2025-09-03 14:19:43,276 - INFO - 係数結果を保存: /Users/ujihara/インターンシップ本課題_地域科学研究所/subject3/output/effects_coefficients.csv
2025-09-03 14:19:43,278 - INFO - サマリを保存: /Users/ujihara/インターンシップ本課題_地域科学研究所/subject3/logs/20250903_141920_eea03bae/twfe_summary.txt
2025-09-03 14:19:43,278 - INFO - === TWFE分析完了 ===
2025-09-03 14:19:43,278 - INFO - プレースボ分析を実行中...
2025-09-03 14:19:43,278 - INFO - === TWFE分析開始 ===
2025-09-03 14:19:43,278 - INFO - データ読み込み開始
2025-09-03 14:19:43,279 - INFO - features_panel.csv を読み込み中: /Users/ujihara/インターンシップ本課題_地域科学研究所/subject3/data/processed/features_panel.csv
2025-09-03 14:19:43,394 - INFO - events_matrix_signed.csv を読み込み中: /Users/ujihara/インターンシップ本課題_地域科学研究所/subject3/data/processed/events_matrix_signed.csv
2025-09-03 14:19:43,412 - INFO - プレースボ検査: イベントを2年未来にシフト
2025-09-03 14:19:43,444 - INFO - プレースボシフト完了: 28 個のイベント列を2年シフト
2025-09-03 14:19:43,444 - INFO - events_labeled.csv を読み込み中: /Users/ujihara/インターンシップ本課題_地域科学研究所/subject3/data/processed/events_labeled.csv
2025-09-03 14:19:43,446 - INFO - データマージ中
2025-09-03 14:19:43,460 - INFO - 有向イベントを作成中
2025-09-03 14:19:43,705 - INFO - 欠損値処理中
2025-09-03 14:19:43,709 - INFO - 欠損値処理: 18732 -> 17381 行
2025-09-03 14:19:43,709 - INFO - マージ完了: 17381 行
2025-09-03 14:19:43,709 - INFO - コントロール変数を追加中
2025-09-03 14:19:43,710 - INFO - 事前トレンド制御変数を追加中
2025-09-03 14:19:43,715 - INFO - 事前トレンド制御変数追加完了: d1, d2 (K=2)
2025-09-03 14:19:43,716 - INFO - TWFE推定開始
2025-09-03 14:19:43,716 - INFO - 符号ありイベント変数を使用: 28 個
2025-09-03 14:19:43,716 - INFO - 選択された変数: ['event_disaster_inc_t', 'event_disaster_inc_t1', 'event_disaster_dec_t', 'event_disaster_dec_t1', 'event_policy_boundary_inc_t']...
2025-09-03 14:19:43,717 - INFO - フィルタ後: 28 個のイベント変数
2025-09-03 14:19:43,717 - INFO - 事前トレンド制御変数を追加: d1
2025-09-03 14:19:43,717 - INFO - 事前トレンド制御変数を追加: d2
2025-09-03 14:19:43,717 - INFO - 回帰式: delta ~ 0 + C(town) + C(year) + event_disaster_inc_t + event_disaster_inc_t1 + event_disaster_dec_t + event_disaster_dec_t1 + event_policy_boundary_inc_t + event_policy_boundary_inc_t1 + event_policy_boundary_dec_t + event_policy_boundary_dec_t1 + event_transit_inc_t + event_transit_inc_t1 + event_transit_dec_t + event_transit_dec_t1 + event_employment_inc_t + event_employment_inc_t1 + event_employment_dec_t + event_employment_dec_t1 + event_public_edu_medical_inc_t + event_public_edu_medical_inc_t1 + event_public_edu_medical_dec_t + event_public_edu_medical_dec_t1 + event_commercial_inc_t + event_commercial_inc_t1 + event_commercial_dec_t + event_commercial_dec_t1 + event_housing_inc_t + event_housing_inc_t1 + event_housing_dec_t + event_housing_dec_t1 + growth_adj_log + policy_boundary_dummy + disaster_2016_dummy + d1 + d2
2025-09-03 14:19:43,717 - INFO - Ridge正則化を有効化 (alpha=1.0)
2025-09-03 14:19:43,717 - INFO - Ridge正則化付き推定を実行 (alpha=1.0)
2025-09-03 14:19:58,200 - INFO - 推定完了: R² = 0.5730
2025-09-03 14:19:58,201 - INFO - 推定結果を抽出中
2025-09-03 14:19:58,202 - INFO - present_bases: {'housing_inc', 'transit_dec', 'housing_dec', 'commercial_inc', 'public_edu_medical_inc', 'disaster_inc', 'commercial_dec', 'employment_dec', 'disaster_dec', 'policy_boundary', 'public_edu_medical_dec', 'employment_inc', 'transit_inc'}
2025-09-03 14:19:58,202 - INFO - found_params: {'housing_inc': {'t': True, 't1': True}, 'housing_dec': {'t': True, 't1': True}, 'commercial_inc': {'t': True, 't1': True}, 'commercial_dec': {'t': True, 't1': True}, 'transit_inc': {'t': True, 't1': True}, 'transit_dec': {'t': True, 't1': True}, 'public_edu_medical_inc': {'t': True, 't1': True}, 'public_edu_medical_dec': {'t': True, 't1': True}, 'employment_inc': {'t': True, 't1': True}, 'employment_dec': {'t': True, 't1': True}, 'disaster_inc': {'t': True, 't1': True}, 'disaster_dec': {'t': True, 't1': True}}
2025-09-03 14:19:58,204 - INFO - nonzero_counts: {'housing_inc_t': 204, 'housing_inc_t1': 204, 'housing_dec_t': 4, 'housing_dec_t1': 4, 'commercial_inc_t': 49, 'commercial_inc_t1': 49, 'commercial_dec_t': 0, 'commercial_dec_t1': 0, 'transit_inc_t': 0, 'transit_inc_t1': 70, 'transit_dec_t': 6, 'transit_dec_t1': 4, 'public_edu_medical_inc_t': 0, 'public_edu_medical_inc_t1': 17, 'public_edu_medical_dec_t': 0, 'public_edu_medical_dec_t1': 0, 'employment_inc_t': 0, 'employment_inc_t1': 17, 'employment_dec_t': 0, 'employment_dec_t1': 0, 'disaster_inc_t': 1, 'disaster_inc_t1': 1, 'disaster_dec_t': 10, 'disaster_dec_t1': 0}
2025-09-03 14:19:58,204 - INFO - Processing housing_inc
2025-09-03 14:19:58,204 - INFO - Added result for housing_inc: beta=0.167
2025-09-03 14:19:58,204 - INFO - Processing housing_dec
2025-09-03 14:19:58,204 - INFO - Added result for housing_dec: beta=3.323
2025-09-03 14:19:58,204 - INFO - Processing commercial_inc
2025-09-03 14:19:58,204 - INFO - Added result for commercial_inc: beta=-0.020
2025-09-03 14:19:58,204 - INFO - Processing commercial_dec
2025-09-03 14:19:58,204 - INFO - Added result for commercial_dec: beta=0.000
2025-09-03 14:19:58,204 - INFO - Processing transit_inc
2025-09-03 14:19:58,204 - INFO - Added result for transit_inc: beta=-0.098
2025-09-03 14:19:58,204 - INFO - Processing transit_dec
2025-09-03 14:19:58,204 - INFO - Added result for transit_dec: beta=-61.683
2025-09-03 14:19:58,204 - INFO - Processing public_edu_medical_inc
2025-09-03 14:19:58,204 - INFO - Added result for public_edu_medical_inc: beta=25.051
2025-09-03 14:19:58,204 - INFO - Processing public_edu_medical_dec
2025-09-03 14:19:58,204 - INFO - Added result for public_edu_medical_dec: beta=0.000
2025-09-03 14:19:58,204 - INFO - Processing employment_inc
2025-09-03 14:19:58,204 - INFO - Added result for employment_inc: beta=-0.063
2025-09-03 14:19:58,204 - INFO - Processing employment_dec
2025-09-03 14:19:58,204 - INFO - Added result for employment_dec: beta=0.000
2025-09-03 14:19:58,204 - INFO - Processing disaster_inc
2025-09-03 14:19:58,204 - INFO - Added result for disaster_inc: beta=49.352
2025-09-03 14:19:58,204 - INFO - Processing disaster_dec
2025-09-03 14:19:58,204 - INFO - Added result for disaster_dec: beta=-0.913
2025-09-03 14:19:58,206 - INFO - 結果を保存中
2025-09-03 14:19:58,207 - INFO - 係数結果を保存: /Users/ujihara/インターンシップ本課題_地域科学研究所/subject3/output/effects_coefficients.csv
2025-09-03 14:19:58,208 - INFO - サマリを保存: /Users/ujihara/インターンシップ本課題_地域科学研究所/subject3/logs/20250903_141920_eea03bae/twfe_summary.txt
2025-09-03 14:19:58,208 - INFO - === TWFE分析完了 ===
2025-09-03 14:19:58,212 - INFO - プレースボレポートを保存: /Users/ujihara/インターンシップ本課題_地域科学研究所/subject3/output/effects_placebo_report_2y.json
2025-09-03 14:19:58,212 - INFO - プレースボサマリを保存: /Users/ujihara/インターンシップ本課題_地域科学研究所/subject3/logs/20250903_141920_eea03bae/placebo_summary_2y.txt
2025-09-03 14:19:58,212 - INFO - === プレースボ検査完了 ===
